2025-01-28 16:59:45,739 [INFO] Activator:176 - 


2025-01-28 16:59:45,747 [INFO] Activator:177 - !SESSION log4j initialized
2025-01-28 16:59:54,638 [INFO] LogOutputStream:77 - [STDOUT_REDIRECT] 
2025-01-28 16:59:57,470 [INFO] ApplicationProperties:184 - Using Application install path: C:\ST\STM32CubeIDE_1.16.0\STM32CubeIDE\plugins\com.st.stm32cube.common.mx_6.12.0.202406281431
2025-01-28 16:59:57,506 [INFO] DbMcusXml:78 - Set database path to: C:\ST\STM32CubeIDE_1.16.0\STM32CubeIDE\plugins\com.st.stm32cube.common.mx_6.12.0.202406281431\\db\/mcu/
2025-01-28 16:59:57,507 [INFO] ApiDb:274 - Set plugin database path to: C:\ST\STM32CubeIDE_1.16.0\STM32CubeIDE\plugins\com.st.stm32cube.common.mx_6.12.0.202406281431\\db\/plugins/boardmanager/
2025-01-28 16:59:57,510 [WARN] ApiDb:259 - Overriding images path with different value:  => C:\ST\STM32CubeIDE_1.16.0\STM32CubeIDE\plugins\com.st.stm32cube.common.mx_6.12.0.202406281431\\db\/plugins/mcufinder/images/
2025-01-28 16:59:57,527 [INFO] ApiDb:250 - Set database path to: C:\Users\PEKER\.stmcufinder\plugins\mcufinder//mcu/
2025-01-28 16:59:57,530 [INFO] DbMcusAds:125 - Set database path to: C:\Users\PEKER\.stmcufinder\plugins\mcufinder//mcu/
2025-01-28 16:59:57,534 [INFO] CrossReferenceDbSqlite:203 - Set database path to: C:\Users\PEKER\.stmcufinder\plugins\mcufinder//mcu/cs/
2025-01-28 16:59:57,766 [INFO] RulesReader:64 - Compatibility file has been processed (297 Rules)
2025-01-28 16:59:57,981 [INFO] DbMcusXml:78 - Set database path to: C:\ST\STM32CubeIDE_1.16.0\STM32CubeIDE\plugins\com.st.stm32cube.common.mx_6.12.0.202406281431\\db\/mcu/
2025-01-28 16:59:57,981 [INFO] ApiDb:274 - Set plugin database path to: C:\ST\STM32CubeIDE_1.16.0\STM32CubeIDE\plugins\com.st.stm32cube.common.mx_6.12.0.202406281431\\db\/plugins/boardmanager/
2025-01-28 16:59:57,981 [INFO] ApiDb:261 - Set plugin images path to: C:\ST\STM32CubeIDE_1.16.0\STM32CubeIDE\plugins\com.st.stm32cube.common.mx_6.12.0.202406281431\\db\/plugins/mcufinder/images/
2025-01-28 16:59:57,982 [WARN] DbFile:41 - Overriding database path with different value: C:\Users\PEKER\.stmcufinder\plugins\mcufinder/ => C:\Users\PEKER\.stmcufinder\plugins\mcufinder
2025-01-28 16:59:57,982 [INFO] ApiDb:250 - Set database path to: C:\Users\PEKER\.stmcufinder\plugins\mcufinder//mcu/
2025-01-28 16:59:57,982 [WARN] DbFile:41 - Overriding database path with different value: C:\Users\PEKER\.stmcufinder\plugins\mcufinder/ => C:\Users\PEKER\.stmcufinder\plugins\mcufinder
2025-01-28 16:59:57,982 [INFO] DbMcusAds:125 - Set database path to: C:\Users\PEKER\.stmcufinder\plugins\mcufinder//mcu/
2025-01-28 16:59:57,982 [WARN] DbFile:41 - Overriding database path with different value: C:\Users\PEKER\.stmcufinder\plugins\mcufinder/ => C:\Users\PEKER\.stmcufinder\plugins\mcufinder
2025-01-28 16:59:57,982 [WARN] DbFile:41 - Overriding database path with different value: C:\Users\PEKER\.stmcufinder\plugins\mcufinder/ => C:\Users\PEKER\.stmcufinder\plugins\mcufinder
2025-01-28 16:59:57,983 [INFO] CrossReferenceDbSqlite:203 - Set database path to: C:\Users\PEKER\.stmcufinder\plugins\mcufinder//mcu/cs/
2025-01-28 16:59:58,158 [INFO] MainPanel:268 - HeapMemory: 268435456
2025-01-28 16:59:58,318 [INFO] DbMcusXml:78 - Set database path to: C:\ST\STM32CubeIDE_1.16.0\STM32CubeIDE\plugins\com.st.stm32cube.common.mx_6.12.0.202406281431\\db\/mcu/
2025-01-28 16:59:58,318 [INFO] ApiDb:274 - Set plugin database path to: C:\ST\STM32CubeIDE_1.16.0\STM32CubeIDE\plugins\com.st.stm32cube.common.mx_6.12.0.202406281431\\db\/plugins/boardmanager/
2025-01-28 16:59:58,318 [INFO] ApiDb:261 - Set plugin images path to: C:\ST\STM32CubeIDE_1.16.0\STM32CubeIDE\plugins\com.st.stm32cube.common.mx_6.12.0.202406281431\\db\/plugins/mcufinder/images/
2025-01-28 16:59:58,318 [WARN] DbFile:41 - Overriding database path with different value: C:\Users\PEKER\.stmcufinder\plugins\mcufinder/ => C:\Users\PEKER\.stmcufinder\plugins\mcufinder
2025-01-28 16:59:58,318 [INFO] ApiDb:250 - Set database path to: C:\Users\PEKER\.stmcufinder\plugins\mcufinder//mcu/
2025-01-28 16:59:58,319 [WARN] DbFile:41 - Overriding database path with different value: C:\Users\PEKER\.stmcufinder\plugins\mcufinder/ => C:\Users\PEKER\.stmcufinder\plugins\mcufinder
2025-01-28 16:59:58,319 [INFO] DbMcusAds:125 - Set database path to: C:\Users\PEKER\.stmcufinder\plugins\mcufinder//mcu/
2025-01-28 16:59:58,319 [WARN] DbFile:41 - Overriding database path with different value: C:\Users\PEKER\.stmcufinder\plugins\mcufinder/ => C:\Users\PEKER\.stmcufinder\plugins\mcufinder
2025-01-28 16:59:58,319 [WARN] DbFile:41 - Overriding database path with different value: C:\Users\PEKER\.stmcufinder\plugins\mcufinder/ => C:\Users\PEKER\.stmcufinder\plugins\mcufinder
2025-01-28 16:59:58,319 [INFO] CrossReferenceDbSqlite:203 - Set database path to: C:\Users\PEKER\.stmcufinder\plugins\mcufinder//mcu/cs/
2025-01-28 16:59:58,345 [INFO] ApplicationProperties:184 - Using Application install path: C:\ST\STM32CubeIDE_1.16.0\STM32CubeIDE\plugins\com.st.stm32cube.common.mx_6.12.0.202406281431
2025-01-28 16:59:58,347 [INFO] PluginManage:196 - Search for loadable plugins [exclusion list=, ]
2025-01-28 16:59:58,351 [INFO] PluginManage:310 - Check plugin analytics
2025-01-28 16:59:58,653 [INFO] AnalyticsPlugin:253 - Accepted Software Licenses: STM32CubeMX.6.13.0
2025-01-28 16:59:58,654 [INFO] AnalyticsPlugin:255 - Accepted CMSIS Pack Licenses: 
2025-01-28 16:59:58,654 [INFO] AnalyticsPlugin:257 - Accepted Firmware Licenses: FW.F4.1.28.0
2025-01-28 16:59:58,660 [INFO] PluginManage:359 - Loaded plugin analytics (category:tool,tabindex:-1)
2025-01-28 16:59:58,660 [INFO] PluginManage:310 - Check plugin cadmodel
2025-01-28 16:59:58,690 [INFO] CADModel:105 - Init CAD model plugin
2025-01-28 16:59:58,690 [INFO] PluginManage:359 - Loaded plugin cadmodel (category:power,tabindex:5)
2025-01-28 16:59:58,690 [INFO] PluginManage:310 - Check plugin clock
2025-01-28 16:59:58,723 [INFO] PluginManage:359 - Loaded plugin clock (category:base,tabindex:2)
2025-01-28 16:59:58,723 [INFO] PluginManage:310 - Check plugin ddr
2025-01-28 16:59:58,727 [INFO] PluginManage:359 - Loaded plugin ddr (category:tool,tabindex:6)
2025-01-28 16:59:58,727 [INFO] PluginManage:310 - Check plugin filemanager
2025-01-28 16:59:58,947 [INFO] PluginManage:359 - Loaded plugin filemanager (category:base,tabindex:10)
2025-01-28 16:59:58,947 [INFO] PluginManage:310 - Check plugin ipmanager
2025-01-28 16:59:58,959 [INFO] PluginManage:359 - Loaded plugin ipmanager (category:base,tabindex:5)
2025-01-28 16:59:58,960 [INFO] PluginManage:310 - Check plugin lpbam
2025-01-28 16:59:59,008 [INFO] PluginManage:359 - Loaded plugin lpbam (category:base,tabindex:0)
2025-01-28 16:59:59,008 [INFO] PluginManage:310 - Check plugin memorymap
2025-01-28 16:59:59,042 [INFO] PluginManage:359 - Loaded plugin memorymap (category:base,tabindex:4)
2025-01-28 16:59:59,042 [INFO] PluginManage:310 - Check plugin pinoutandconfiguration
2025-01-28 16:59:59,067 [INFO] PluginManage:359 - Loaded plugin pinoutandconfiguration (category:base,tabindex:1)
2025-01-28 16:59:59,068 [INFO] PluginManage:310 - Check plugin pinoutconfig
2025-01-28 16:59:59,201 [WARN] SupportedApi:132 - Cannot load RTOS API schema: s4s-elt-must-match.1: The content of 'definitions' must match (annotation?, (simpleType | complexType)?, (unique | key | keyref)*)). A problem was found starting at: attribute.
2025-01-28 16:59:59,379 [INFO] PluginManage:359 - Loaded plugin pinoutconfig (category:base,tabindex:0)
2025-01-28 16:59:59,379 [INFO] PluginManage:310 - Check plugin power
2025-01-28 16:59:59,415 [INFO] PluginManage:359 - Loaded plugin power (category:power,tabindex:4)
2025-01-28 16:59:59,416 [INFO] PluginManage:310 - Check plugin projectmanager
2025-01-28 16:59:59,442 [INFO] PluginManage:359 - Loaded plugin projectmanager (category:projectmanager,tabindex:4)
2025-01-28 16:59:59,442 [INFO] PluginManage:310 - Check plugin rif
2025-01-28 16:59:59,470 [INFO] PluginManage:359 - Loaded plugin rif (category:base,tabindex:3)
2025-01-28 16:59:59,470 [INFO] PluginManage:310 - Check plugin thirdparty
2025-01-28 16:59:59,868 [INFO] PluginManage:359 - Loaded plugin thirdparty (category:base,tabindex:-1)
2025-01-28 16:59:59,868 [INFO] PluginManage:310 - Check plugin tools
2025-01-28 16:59:59,868 [WARN] IntegrityCheckThread:84 - waiting for thirdparty lock release [integrity check]
2025-01-28 16:59:59,869 [INFO] IntegrityCheckThread:86 - entering critical section [integrity check]
2025-01-28 16:59:59,869 [INFO] ThirdPartyUpdaterWithRetryManager:70 - Updater plugin not ready yet. [1/15]
2025-01-28 16:59:59,917 [INFO] PluginManage:359 - Loaded plugin tools (category:base,tabindex:7)
2025-01-28 16:59:59,917 [INFO] PluginManage:310 - Check plugin tutovideos
2025-01-28 17:00:00,235 [INFO] PluginManage:359 - Loaded plugin tutovideos (category:base,tabindex:-1)
2025-01-28 17:00:00,235 [INFO] PluginManage:310 - Check plugin updater
2025-01-28 17:00:00,277 [INFO] PluginManage:359 - Loaded plugin updater (category:base,tabindex:12)
2025-01-28 17:00:00,278 [INFO] PluginManage:310 - Check plugin userauth
2025-01-28 17:00:00,291 [INFO] UserAuth:113 - Init User Auth plugin
2025-01-28 17:00:00,291 [INFO] PluginManage:359 - Loaded plugin userauth (category:base,tabindex:14)
2025-01-28 17:00:00,293 [INFO] PluginManage:283 - PluginManage : Loaded plugins [18]
2025-01-28 17:00:00,700 [INFO] PinOutPanel:1561 - setPackage(No Configuration,No Configuration)
2025-01-28 17:00:00,870 [INFO] CADModel:165 - CPN selected for project level
2025-01-28 17:00:00,870 [INFO] CADModel:114 - Register for checkConnection events
2025-01-28 17:00:00,917 [INFO] IPUIPlugin:80 - create IPUIPlugin
2025-01-28 17:00:00,917 [INFO] PluginManager:220 - loadIPPluginJar : add adc
2025-01-28 17:00:01,024 [INFO] IPUIPlugin:80 - create IPUIPlugin
2025-01-28 17:00:01,024 [INFO] PluginManager:220 - loadIPPluginJar : add aes
2025-01-28 17:00:01,117 [INFO] IPUIPlugin:80 - create IPUIPlugin
2025-01-28 17:00:01,117 [INFO] PluginManager:220 - loadIPPluginJar : add can
2025-01-28 17:00:01,166 [INFO] IPUIPlugin:80 - create IPUIPlugin
2025-01-28 17:00:01,166 [INFO] PluginManager:220 - loadIPPluginJar : add comp
2025-01-28 17:00:01,240 [INFO] IPUIPlugin:80 - create IPUIPlugin
2025-01-28 17:00:01,240 [INFO] PluginManager:220 - loadIPPluginJar : add cryp
2025-01-28 17:00:01,268 [INFO] IPUIPlugin:80 - create IPUIPlugin
2025-01-28 17:00:01,268 [INFO] PluginManager:220 - loadIPPluginJar : add ddr_ctrl_phy
2025-01-28 17:00:01,336 [INFO] IPUIPlugin:80 - create IPUIPlugin
2025-01-28 17:00:01,336 [INFO] PluginManager:220 - loadIPPluginJar : add dfsdm
2025-01-28 17:00:01,360 [INFO] IPUIPlugin:80 - create IPUIPlugin
2025-01-28 17:00:01,360 [INFO] PluginManager:220 - loadIPPluginJar : add dma
2025-01-28 17:00:01,457 [INFO] IPUIPlugin:80 - create IPUIPlugin
2025-01-28 17:00:01,457 [INFO] PluginManager:220 - loadIPPluginJar : add dma3
2025-01-28 17:00:01,536 [INFO] IPUIPlugin:80 - create IPUIPlugin
2025-01-28 17:00:01,536 [INFO] PluginManager:220 - loadIPPluginJar : add extmemmanager
2025-01-28 17:00:01,570 [INFO] IPUIPlugin:80 - create IPUIPlugin
2025-01-28 17:00:01,570 [INFO] PluginManager:220 - loadIPPluginJar : add fatfs
2025-01-28 17:00:01,653 [INFO] IPUIPlugin:80 - create IPUIPlugin
2025-01-28 17:00:01,653 [INFO] PluginManager:220 - loadIPPluginJar : add fmc
2025-01-28 17:00:01,677 [INFO] IPUIPlugin:80 - create IPUIPlugin
2025-01-28 17:00:01,677 [INFO] PluginManager:220 - loadIPPluginJar : add freertos
2025-01-28 17:00:01,711 [INFO] IPUIPlugin:80 - create IPUIPlugin
2025-01-28 17:00:01,711 [INFO] PluginManager:220 - loadIPPluginJar : add genericplugin
2025-01-28 17:00:01,903 [INFO] IPUIPlugin:80 - create IPUIPlugin
2025-01-28 17:00:01,903 [INFO] PluginManager:220 - loadIPPluginJar : add gfxmmu
2025-01-28 17:00:02,097 [INFO] IPUIPlugin:80 - create IPUIPlugin
2025-01-28 17:00:02,097 [INFO] PluginManager:220 - loadIPPluginJar : add gic
2025-01-28 17:00:02,113 [INFO] IPUIPlugin:80 - create IPUIPlugin
2025-01-28 17:00:02,113 [INFO] PluginManager:220 - loadIPPluginJar : add gpio
2025-01-28 17:00:02,219 [INFO] IPUIPlugin:80 - create IPUIPlugin
2025-01-28 17:00:02,219 [INFO] PluginManager:220 - loadIPPluginJar : add gtzc
2025-01-28 17:00:02,265 [INFO] IPUIPlugin:80 - create IPUIPlugin
2025-01-28 17:00:02,267 [INFO] PluginManager:220 - loadIPPluginJar : add hash
2025-01-28 17:00:02,342 [INFO] IPUIPlugin:80 - create IPUIPlugin
2025-01-28 17:00:02,342 [INFO] PluginManager:220 - loadIPPluginJar : add i2c
2025-01-28 17:00:02,396 [INFO] IPUIPlugin:80 - create IPUIPlugin
2025-01-28 17:00:02,396 [INFO] PluginManager:220 - loadIPPluginJar : add i2s
2025-01-28 17:00:02,467 [INFO] IPUIPlugin:80 - create IPUIPlugin
2025-01-28 17:00:02,467 [INFO] PluginManager:220 - loadIPPluginJar : add i3c
2025-01-28 17:00:02,640 [INFO] IPUIPlugin:80 - create IPUIPlugin
2025-01-28 17:00:02,640 [INFO] PluginManager:220 - loadIPPluginJar : add ipddr
2025-01-28 17:00:02,784 [INFO] IPUIPlugin:80 - create IPUIPlugin
2025-01-28 17:00:02,784 [INFO] PluginManager:220 - loadIPPluginJar : add linkedlist
2025-01-28 17:00:02,849 [INFO] IPUIPlugin:80 - create IPUIPlugin
2025-01-28 17:00:02,849 [INFO] PluginManager:220 - loadIPPluginJar : add lorawan
2025-01-28 17:00:02,870 [INFO] ThirdPartyUpdaterWithRetryManager:70 - Updater plugin not ready yet. [2/15]
2025-01-28 17:00:02,905 [INFO] IPUIPlugin:80 - create IPUIPlugin
2025-01-28 17:00:02,906 [INFO] PluginManager:220 - loadIPPluginJar : add ltdc
2025-01-28 17:00:02,927 [INFO] IPUIPlugin:80 - create IPUIPlugin
2025-01-28 17:00:02,927 [INFO] PluginManager:220 - loadIPPluginJar : add mdma
2025-01-28 17:00:02,944 [INFO] IPUIPlugin:80 - create IPUIPlugin
2025-01-28 17:00:02,945 [INFO] PluginManager:220 - loadIPPluginJar : add nvic
2025-01-28 17:00:02,993 [INFO] IPUIPlugin:80 - create IPUIPlugin
2025-01-28 17:00:02,993 [INFO] PluginManager:220 - loadIPPluginJar : add opamp
2025-01-28 17:00:03,090 [INFO] IPUIPlugin:80 - create IPUIPlugin
2025-01-28 17:00:03,090 [INFO] PluginManager:220 - loadIPPluginJar : add openamp
2025-01-28 17:00:03,154 [INFO] IPUIPlugin:80 - create IPUIPlugin
2025-01-28 17:00:03,154 [INFO] PluginManager:220 - loadIPPluginJar : add pdm2pcm
2025-01-28 17:00:03,171 [INFO] IPUIPlugin:80 - create IPUIPlugin
2025-01-28 17:00:03,174 [INFO] PluginManager:220 - loadIPPluginJar : add plateformsettings
2025-01-28 17:00:03,203 [INFO] IPUIPlugin:80 - create IPUIPlugin
2025-01-28 17:00:03,203 [INFO] PluginManager:220 - loadIPPluginJar : add quadspi
2025-01-28 17:00:03,239 [INFO] IPUIPlugin:80 - create IPUIPlugin
2025-01-28 17:00:03,239 [INFO] PluginManager:220 - loadIPPluginJar : add radio
2025-01-28 17:00:03,258 [INFO] IPUIPlugin:80 - create IPUIPlugin
2025-01-28 17:00:03,258 [INFO] PluginManager:220 - loadIPPluginJar : add resmgrutility
2025-01-28 17:00:03,320 [INFO] IPUIPlugin:80 - create IPUIPlugin
2025-01-28 17:00:03,320 [INFO] PluginManager:220 - loadIPPluginJar : add sai
2025-01-28 17:00:03,359 [INFO] IPUIPlugin:80 - create IPUIPlugin
2025-01-28 17:00:03,359 [INFO] PluginManager:220 - loadIPPluginJar : add spi
2025-01-28 17:00:03,450 [INFO] IPUIPlugin:80 - create IPUIPlugin
2025-01-28 17:00:03,450 [INFO] PluginManager:220 - loadIPPluginJar : add stm32_wpan
2025-01-28 17:00:03,491 [INFO] IPUIPlugin:80 - create IPUIPlugin
2025-01-28 17:00:03,491 [INFO] PluginManager:220 - loadIPPluginJar : add tim
2025-01-28 17:00:03,582 [INFO] IPUIPlugin:80 - create IPUIPlugin
2025-01-28 17:00:03,583 [INFO] PluginManager:220 - loadIPPluginJar : add touchsensing
2025-01-28 17:00:03,615 [INFO] IPUIPlugin:80 - create IPUIPlugin
2025-01-28 17:00:03,615 [INFO] PluginManager:220 - loadIPPluginJar : add tracer_emb
2025-01-28 17:00:03,652 [INFO] IPUIPlugin:80 - create IPUIPlugin
2025-01-28 17:00:03,652 [INFO] PluginManager:220 - loadIPPluginJar : add ts
2025-01-28 17:00:03,682 [INFO] IPUIPlugin:80 - create IPUIPlugin
2025-01-28 17:00:03,683 [INFO] PluginManager:220 - loadIPPluginJar : add tsc
2025-01-28 17:00:03,708 [INFO] IPUIPlugin:80 - create IPUIPlugin
2025-01-28 17:00:03,708 [INFO] PluginManager:220 - loadIPPluginJar : add ucpd
2025-01-28 17:00:03,764 [INFO] IPUIPlugin:80 - create IPUIPlugin
2025-01-28 17:00:03,764 [INFO] PluginManager:220 - loadIPPluginJar : add usart
2025-01-28 17:00:03,828 [INFO] IPUIPlugin:80 - create IPUIPlugin
2025-01-28 17:00:03,828 [INFO] PluginManager:220 - loadIPPluginJar : add usbx
2025-01-28 17:00:03,987 [INFO] CADModel:165 - CPN selected for project level
2025-01-28 17:00:03,987 [INFO] CADModel:114 - Register for checkConnection events
2025-01-28 17:00:03,988 [FATAL] Updater:334 - Updater called before beeing initialized
2025-01-28 17:00:03,988 [ERROR] CADModel:125 - Updater not yet initialized, retry later 
2025-01-28 17:00:04,189 [INFO] CADModel:165 - CPN selected for project level
2025-01-28 17:00:04,190 [INFO] CADModel:114 - Register for checkConnection events
2025-01-28 17:00:04,190 [FATAL] Updater:334 - Updater called before beeing initialized
2025-01-28 17:00:04,190 [ERROR] CADModel:125 - Updater not yet initialized, retry later 
2025-01-28 17:00:04,194 [FATAL] Updater:334 - Updater called before beeing initialized
2025-01-28 17:00:04,334 [FATAL] Updater:334 - Updater called before beeing initialized
2025-01-28 17:00:04,349 [INFO] DbMcusAds:53 - JSON generation date=Tue Dec 17 19:01:15 TRT 2024 (1734451275111)
2025-01-28 17:00:04,349 [FATAL] Updater:334 - Updater called before beeing initialized
2025-01-28 17:00:04,402 [WARN] DetailPanel:346 - Failed to get advertising image, set to default
2025-01-28 17:00:04,517 [FATAL] Updater:334 - Updater called before beeing initialized
2025-01-28 17:00:04,521 [FATAL] Updater:334 - Updater called before beeing initialized
2025-01-28 17:00:04,521 [FATAL] Updater:334 - Updater called before beeing initialized
2025-01-28 17:00:04,521 [WARN] DetailPanel:346 - Failed to get advertising image, set to default
2025-01-28 17:00:04,521 [FATAL] Updater:334 - Updater called before beeing initialized
2025-01-28 17:00:04,609 [ERROR] Updater:1164 - MainUpdater not yet initialized. External WinMGr cannot be set.
2025-01-28 17:00:04,624 [INFO] Updater:1100 - Updater Version found : 6.12.0
2025-01-28 17:00:04,653 [INFO] ApplicationProperties:184 - Using Application install path: C:\ST\STM32CubeIDE_1.16.0\STM32CubeIDE\plugins\com.st.stm32cube.common.mx_6.12.0.202406281431
2025-01-28 17:00:05,871 [INFO] ThirdPartyUpdaterWithRetryManager:70 - Updater plugin not ready yet. [3/15]
2025-01-28 17:00:06,247 [ERROR] LogOutputStream:75 - [STDERR_REDIRECT] Jan 28, 2025 5:00:06 PM java.util.prefs.WindowsPreferences <init>
2025-01-28 17:00:06,252 [ERROR] LogOutputStream:75 - [STDERR_REDIRECT] WARNING: Could not open/create prefs root node Software\JavaSoft\Prefs at root 0xffffffff80000002. Windows RegCreateKeyEx(...) returned error code 5.
2025-01-28 17:00:06,252 [ERROR] LogOutputStream:75 - [STDERR_REDIRECT] 
2025-01-28 17:00:07,063 [INFO] MainUpdater:2873 - connection check result : 10
2025-01-28 17:00:07,064 [INFO] MainUpdater:290 - Updater Check For Update Now.
2025-01-28 17:00:07,064 [INFO] MicroXplorer:498 - Change Database Version : DB.6.0.120
2025-01-28 17:00:07,091 [INFO] McuFinderGlobals:63 - Set McuFinder mode to 2 (CubeIDE integrated)
2025-01-28 17:00:07,104 [INFO] UserAuth:417 - Internet connection configuration mode: 1
2025-01-28 17:00:07,163 [INFO] JxBrowserEngine:152 - Initiate JxBrowser Engine with user profile folder
2025-01-28 17:00:07,430 [INFO] CheckServerUpdateThread:120 - End of CheckServer Thread
2025-01-28 17:00:09,186 [WARN] PackLoader:240 - Cannot read IP mode file for STMicroelectronics.FP-SNS-MOTENVWB1.1.4.0
2025-01-28 17:00:09,212 [WARN] PackLoader:240 - Cannot read IP mode file for STMicroelectronics.FP-ATR-ASTRA1.2.0.1
2025-01-28 17:00:09,240 [WARN] PackLoader:240 - Cannot read IP mode file for STMicroelectronics.X-CUBE-SMBUS.2.1.0
2025-01-28 17:00:09,267 [WARN] PackLoader:240 - Cannot read IP mode file for STMicroelectronics.X-CUBE-WB05N.1.1.0
2025-01-28 17:00:09,346 [WARN] PackLoader:240 - Cannot read IP mode file for STMicroelectronics.X-CUBE-AZRTOS-F7.1.1.0
2025-01-28 17:00:09,552 [WARN] PackLoader:240 - Cannot read IP mode file for STMicroelectronics.X-CUBE-MEMS1.11.0.0
2025-01-28 17:00:09,910 [WARN] PackLoader:240 - Cannot read IP mode file for STMicroelectronics.FP-SNS-FLIGHT1.5.0.2
2025-01-28 17:00:09,942 [WARN] PackLoader:240 - Cannot read IP mode file for STMicroelectronics.X-CUBE-DISPLAY.3.0.0
2025-01-28 17:00:09,974 [WARN] PackLoader:240 - Cannot read IP mode file for STMicroelectronics.X-CUBE-BLE1.7.0.0
2025-01-28 17:00:10,007 [WARN] PackLoader:240 - Cannot read IP mode file for STMicroelectronics.X-CUBE-NFC10.1.0.0
2025-01-28 17:00:10,046 [WARN] PackLoader:240 - Cannot read IP mode file for STMicroelectronics.X-CUBE-BLEMGR.4.0.0
2025-01-28 17:00:10,123 [WARN] PackLoader:240 - Cannot read IP mode file for emotas.I-CUBE-CANOPEN.1.3.0
2025-01-28 17:00:10,166 [WARN] PackLoader:240 - Cannot read IP mode file for STMicroelectronics.X-CUBE-BLEMGR.3.1.0
2025-01-28 17:00:10,203 [WARN] PackLoader:240 - Cannot read IP mode file for STMicroelectronics.X-CUBE-AI.10.0.0
2025-01-28 17:00:10,249 [WARN] PackLoader:240 - Cannot read IP mode file for STMicroelectronics.FP-SNS-SMARTAG2.1.2.0
2025-01-28 17:00:10,406 [WARN] PackLoader:240 - Cannot read IP mode file for STMicroelectronics.X-CUBE-MEMS1.11.1.0
2025-01-28 17:00:10,660 [INFO] LogOutputStream:77 - [STDOUT_REDIRECT] 1 : Invalid condition id : UX_CORESTACK_Condition cause : null
2025-01-28 17:00:10,661 [INFO] LogOutputStream:77 - [STDOUT_REDIRECT] 1 : Invalid condition id : UX_CORESTACK_Condition cause : null
2025-01-28 17:00:10,664 [INFO] LogOutputStream:77 - [STDOUT_REDIRECT] 1 : Invalid condition id : UX_CORESTACK_Condition cause : null
2025-01-28 17:00:10,667 [INFO] LogOutputStream:77 - [STDOUT_REDIRECT] 1 : Invalid condition id : UX_CORESTACK_Condition cause : null
2025-01-28 17:00:10,669 [INFO] LogOutputStream:77 - [STDOUT_REDIRECT] 1 : Invalid condition id : UX_CORESTACK_Condition cause : null
2025-01-28 17:00:10,674 [WARN] PackLoader:240 - Cannot read IP mode file for STMicroelectronics.X-CUBE-AZRTOS-WL.2.0.0
2025-01-28 17:00:10,702 [WARN] PackLoader:240 - Cannot read IP mode file for STMicroelectronics.FP-SNS-MOTENV1.5.0.0
2025-01-28 17:00:10,727 [WARN] PackLoader:240 - Cannot read IP mode file for wolfSSL.I-CUBE-wolfMQTT.1.19.0
2025-01-28 17:00:10,761 [WARN] PackLoader:240 - Cannot read IP mode file for WES.I-CUBE-Cesium.1.3.0
2025-01-28 17:00:10,787 [WARN] PackLoader:240 - Cannot read IP mode file for STMicroelectronics.X-CUBE-BLE2.3.3.0
2025-01-28 17:00:10,817 [WARN] PackLoader:240 - Cannot read IP mode file for STMicroelectronics.X-CUBE-NFC9.1.0.0
2025-01-28 17:00:10,842 [WARN] PackLoader:240 - Cannot read IP mode file for STMicroelectronics.X-CUBE-TCPP.4.1.0
2025-01-28 17:00:10,897 [WARN] PackLoader:240 - Cannot read IP mode file for STMicroelectronics.X-CUBE-AZRTOS-G0.1.1.0
2025-01-28 17:00:10,922 [WARN] PackLoader:240 - Cannot read IP mode file for STMicroelectronics.X-CUBE-SAFEA1.1.2.2
2025-01-28 17:00:10,947 [WARN] PackLoader:240 - Cannot read IP mode file for STMicroelectronics.X-CUBE-NFC4.3.0.0
2025-01-28 17:00:10,985 [WARN] PackLoader:240 - Cannot read IP mode file for EmbeddedOffice.I-CUBE-FS-RTOS.1.0.1
2025-01-28 17:00:10,985 [ERROR] ConditionMgr:805 - Attr not supported : Dmpu
2025-01-28 17:00:10,985 [ERROR] ConditionMgr:805 - Attr not supported : Dmpu
2025-01-28 17:00:10,986 [ERROR] ConditionMgr:805 - Attr not supported : Dmpu
2025-01-28 17:00:10,986 [ERROR] ConditionMgr:805 - Attr not supported : Dmpu
2025-01-28 17:00:10,986 [ERROR] ConditionMgr:805 - Attr not supported : Dmpu
2025-01-28 17:00:10,986 [ERROR] ConditionMgr:805 - Attr not supported : Dmpu
2025-01-28 17:00:10,986 [ERROR] ConditionMgr:805 - Attr not supported : Dmpu
2025-01-28 17:00:10,986 [ERROR] ConditionMgr:805 - Attr not supported : Dmpu
2025-01-28 17:00:10,986 [ERROR] ConditionMgr:805 - Attr not supported : Dmpu
2025-01-28 17:00:10,987 [ERROR] ConditionMgr:805 - Attr not supported : Dmpu
2025-01-28 17:00:10,987 [ERROR] ConditionMgr:805 - Attr not supported : Dmpu
2025-01-28 17:00:10,987 [ERROR] ConditionMgr:805 - Attr not supported : Dmpu
2025-01-28 17:00:10,987 [ERROR] ConditionMgr:805 - Attr not supported : Dmpu
2025-01-28 17:00:10,987 [ERROR] ConditionMgr:805 - Attr not supported : Dmpu
2025-01-28 17:00:10,988 [ERROR] ConditionMgr:805 - Attr not supported : Dmpu
2025-01-28 17:00:10,988 [ERROR] ConditionMgr:805 - Attr not supported : Dmpu
2025-01-28 17:00:10,988 [ERROR] ConditionMgr:805 - Attr not supported : Dmpu
2025-01-28 17:00:10,988 [ERROR] ConditionMgr:805 - Attr not supported : Dmpu
2025-01-28 17:00:10,988 [ERROR] ConditionMgr:805 - Attr not supported : Dmpu
2025-01-28 17:00:10,988 [ERROR] ConditionMgr:805 - Attr not supported : Dmpu
2025-01-28 17:00:10,988 [ERROR] ConditionMgr:805 - Attr not supported : Dmpu
2025-01-28 17:00:10,988 [ERROR] ConditionMgr:805 - Attr not supported : Dmpu
2025-01-28 17:00:10,988 [ERROR] ConditionMgr:805 - Attr not supported : Dmpu
2025-01-28 17:00:10,989 [ERROR] ConditionMgr:805 - Attr not supported : Dmpu
2025-01-28 17:00:10,989 [ERROR] ConditionMgr:805 - Attr not supported : Dmpu
2025-01-28 17:00:10,989 [ERROR] ConditionMgr:805 - Attr not supported : Dmpu
2025-01-28 17:00:10,989 [ERROR] ConditionMgr:805 - Attr not supported : Dmpu
2025-01-28 17:00:10,989 [ERROR] ConditionMgr:805 - Attr not supported : Dmpu
2025-01-28 17:00:10,990 [ERROR] ConditionMgr:805 - Attr not supported : Dmpu
2025-01-28 17:00:10,990 [ERROR] ConditionMgr:805 - Attr not supported : Dmpu
2025-01-28 17:00:10,990 [ERROR] ConditionMgr:805 - Attr not supported : Dmpu
2025-01-28 17:00:10,990 [ERROR] ConditionMgr:805 - Attr not supported : Dmpu
2025-01-28 17:00:10,990 [ERROR] ConditionMgr:805 - Attr not supported : Dmpu
2025-01-28 17:00:10,990 [ERROR] ConditionMgr:805 - Attr not supported : Dmpu
2025-01-28 17:00:10,990 [ERROR] ConditionMgr:805 - Attr not supported : Dmpu
2025-01-28 17:00:10,991 [ERROR] ConditionMgr:805 - Attr not supported : Dmpu
2025-01-28 17:00:10,991 [ERROR] ConditionMgr:805 - Attr not supported : Dmpu
2025-01-28 17:00:10,991 [ERROR] ConditionMgr:805 - Attr not supported : Dmpu
2025-01-28 17:00:10,991 [ERROR] ConditionMgr:805 - Attr not supported : Dmpu
2025-01-28 17:00:10,991 [ERROR] ConditionMgr:805 - Attr not supported : Dmpu
2025-01-28 17:00:10,991 [ERROR] ConditionMgr:805 - Attr not supported : Dmpu
2025-01-28 17:00:10,991 [ERROR] ConditionMgr:805 - Attr not supported : Dmpu
2025-01-28 17:00:10,992 [ERROR] ConditionMgr:805 - Attr not supported : Dmpu
2025-01-28 17:00:10,992 [ERROR] ConditionMgr:805 - Attr not supported : Dmpu
2025-01-28 17:00:10,992 [ERROR] ConditionMgr:805 - Attr not supported : Dmpu
2025-01-28 17:00:10,992 [ERROR] ConditionMgr:805 - Attr not supported : Dmpu
2025-01-28 17:00:10,992 [ERROR] ConditionMgr:805 - Attr not supported : Dmpu
2025-01-28 17:00:10,992 [ERROR] ConditionMgr:805 - Attr not supported : Dmpu
2025-01-28 17:00:10,993 [ERROR] ConditionMgr:805 - Attr not supported : Dmpu
2025-01-28 17:00:10,993 [ERROR] ConditionMgr:805 - Attr not supported : Dmpu
2025-01-28 17:00:10,993 [ERROR] ConditionMgr:805 - Attr not supported : Dmpu
2025-01-28 17:00:10,993 [ERROR] ConditionMgr:805 - Attr not supported : Dmpu
2025-01-28 17:00:10,993 [ERROR] ConditionMgr:805 - Attr not supported : Dmpu
2025-01-28 17:00:10,993 [ERROR] ConditionMgr:805 - Attr not supported : Dmpu
2025-01-28 17:00:10,993 [ERROR] ConditionMgr:805 - Attr not supported : Dmpu
2025-01-28 17:00:10,993 [ERROR] ConditionMgr:805 - Attr not supported : Dmpu
2025-01-28 17:00:10,994 [ERROR] ConditionMgr:805 - Attr not supported : Dmpu
2025-01-28 17:00:10,994 [ERROR] ConditionMgr:805 - Attr not supported : Dmpu
2025-01-28 17:00:10,994 [ERROR] ConditionMgr:805 - Attr not supported : Dmpu
2025-01-28 17:00:10,994 [ERROR] ConditionMgr:805 - Attr not supported : Dmpu
2025-01-28 17:00:10,994 [ERROR] ConditionMgr:805 - Attr not supported : Dmpu
2025-01-28 17:00:10,994 [ERROR] ConditionMgr:805 - Attr not supported : Dmpu
2025-01-28 17:00:10,994 [ERROR] ConditionMgr:805 - Attr not supported : Dmpu
2025-01-28 17:00:10,995 [ERROR] ConditionMgr:805 - Attr not supported : Dmpu
2025-01-28 17:00:11,024 [ERROR] Engine:466 - C:\Users\PEKER\.stm32cubemx\thirdparties\pdsc\STMicroelectronics.X-CUBE-TCPP.4.2.0.pdsc: PDSC version is not supported
2025-01-28 17:00:11,054 [WARN] PackLoader:240 - Cannot read IP mode file for RealThread.X-CUBE-RT-Thread_Nano.4.1.1
2025-01-28 17:00:11,079 [WARN] PackLoader:240 - Cannot read IP mode file for STMicroelectronics.FP-ATR-SIGFOX1.3.2.0
2025-01-28 17:00:11,102 [WARN] PackLoader:240 - Cannot read IP mode file for wolfSSL.I-CUBE-wolfSSL.5.7.2
2025-01-28 17:00:11,123 [WARN] ConditionMgr:438 - getConditionDescription Invalid condition id : Cortex-A Device cause : null
2025-01-28 17:00:11,166 [WARN] ConditionMgr:1039 - genDependencies : Invalid condition id : Cortex-A Device cause : null
2025-01-28 17:00:11,166 [WARN] ConditionMgr:1039 - genDependencies : Invalid condition id : Cortex-A Device cause : null
2025-01-28 17:00:11,166 [WARN] ConditionMgr:1039 - genDependencies : Invalid condition id : Cortex-A Device cause : null
2025-01-28 17:00:11,196 [WARN] PackLoader:240 - Cannot read IP mode file for STMicroelectronics.X-CUBE-EEPRMA1.5.1.0
2025-01-28 17:00:11,229 [WARN] PackLoader:240 - Cannot read IP mode file for ITTIA_DB.I-CUBE-ITTIADB.8.9.0
2025-01-28 17:00:11,302 [WARN] PackLoader:240 - Cannot read IP mode file for SEGGER.I-CUBE-embOS.1.3.1
2025-01-28 17:00:11,391 [WARN] PackLoader:240 - Cannot read IP mode file for STMicroelectronics.X-CUBE-ALGOBUILD.1.4.0
2025-01-28 17:00:11,412 [WARN] PackLoader:240 - Cannot read IP mode file for STMicroelectronics.X-CUBE-AI.9.1.0
2025-01-28 17:00:11,470 [WARN] PackLoader:240 - Cannot read IP mode file for STMicroelectronics.X-CUBE-AZRTOS-F4.1.1.0
2025-01-28 17:00:11,501 [WARN] PackLoader:240 - Cannot read IP mode file for STMicroelectronics.X-CUBE-ISPU.2.1.0
2025-01-28 17:00:11,522 [WARN] PackLoader:240 - Cannot read IP mode file for STMicroelectronics.X-CUBE-FREERTOS.1.2.0
2025-01-28 17:00:11,582 [WARN] PackLoader:240 - Cannot read IP mode file for STMicroelectronics.X-CUBE-AZRTOS-L5.2.0.0
2025-01-28 17:00:11,617 [WARN] PackLoader:240 - Cannot read IP mode file for STMicroelectronics.X-CUBE-NFC6.3.1.0
2025-01-28 17:00:11,644 [WARN] PackLoader:240 - Cannot read IP mode file for STMicroelectronics.X-CUBE-DPower.1.2.0
2025-01-28 17:00:11,673 [WARN] PackLoader:240 - Cannot read IP mode file for STMicroelectronics.X-CUBE-AI.9.0.0
2025-01-28 17:00:11,700 [WARN] PackLoader:240 - Cannot read IP mode file for STMicroelectronics.X-CUBE-FREERTOS.1.3.0
2025-01-28 17:00:11,730 [WARN] PackLoader:240 - Cannot read IP mode file for STMicroelectronics.X-CUBE-NFC7.1.0.1
2025-01-28 17:00:11,789 [WARN] ConditionMgr:438 - getConditionDescription Invalid condition id : LAN8742 Phy interface Condition cause : null
2025-01-28 17:00:11,790 [WARN] PackLoader:240 - Cannot read IP mode file for STMicroelectronics.X-CUBE-AZRTOS-L4.2.0.0
2025-01-28 17:00:11,791 [WARN] ConditionMgr:1039 - genDependencies : Invalid condition id : LAN8742 Phy interface Condition cause : null
2025-01-28 17:00:11,792 [WARN] ConditionMgr:1039 - genDependencies : Invalid condition id : LAN8742 Phy interface Condition cause : null
2025-01-28 17:00:11,793 [WARN] ConditionMgr:1039 - genDependencies : Invalid condition id : LAN8742 Phy interface Condition cause : null
2025-01-28 17:00:11,830 [WARN] PackLoader:240 - Cannot read IP mode file for STMicroelectronics.X-CUBE-SFXS2LP1.4.0.0
2025-01-28 17:00:11,893 [WARN] PackLoader:240 - Cannot read IP mode file for STMicroelectronics.X-CUBE-AZRTOS-H7.3.3.0
2025-01-28 17:00:11,939 [WARN] PackLoader:240 - Cannot read IP mode file for STMicroelectronics.X-CUBE-IPS.3.0.0
2025-01-28 17:00:11,991 [WARN] ConditionMgr:438 - getConditionDescription Invalid condition id : UX DEVICE CLASS RTOS Condition cause : null
2025-01-28 17:00:11,991 [WARN] ConditionMgr:438 - getConditionDescription Invalid condition id : UX DEVICE CLASS RTOS Condition cause : null
2025-01-28 17:00:11,993 [WARN] PackLoader:240 - Cannot read IP mode file for STMicroelectronics.X-CUBE-AZRTOS-WB.2.0.0
2025-01-28 17:00:11,994 [WARN] ConditionMgr:1039 - genDependencies : Invalid condition id : UX DEVICE CLASS RTOS Condition cause : null
2025-01-28 17:00:11,994 [WARN] ConditionMgr:1039 - genDependencies : Invalid condition id : UX DEVICE CLASS RTOS Condition cause : null
2025-01-28 17:00:11,995 [WARN] ConditionMgr:1039 - genDependencies : Invalid condition id : UX DEVICE CLASS RTOS Condition cause : null
2025-01-28 17:00:11,995 [WARN] ConditionMgr:1039 - genDependencies : Invalid condition id : UX DEVICE CLASS RTOS Condition cause : null
2025-01-28 17:00:11,995 [WARN] ConditionMgr:1039 - genDependencies : Invalid condition id : UX DEVICE CLASS RTOS Condition cause : null
2025-01-28 17:00:12,018 [WARN] PackLoader:240 - Cannot read IP mode file for STMicroelectronics.X-CUBE-GNSS1.7.0.0
2025-01-28 17:00:12,045 [WARN] PackLoader:240 - Cannot read IP mode file for STMicroelectronics.X-CUBE-GNSS1.7.0.1
2025-01-28 17:00:12,068 [WARN] PackLoader:240 - Cannot read IP mode file for STMicroelectronics.FP-SNS-STBOX1.2.0.0
2025-01-28 17:00:12,102 [WARN] PackLoader:240 - Cannot read IP mode file for STMicroelectronics.X-CUBE-SUBG2.5.0.0
2025-01-28 17:00:12,129 [WARN] PackLoader:240 - Cannot read IP mode file for Cesanta.I-CUBE-Mongoose.7.13.0
2025-01-28 17:00:12,180 [WARN] PackLoader:240 - Cannot read IP mode file for STMicroelectronics.X-CUBE-AZRTOS-G4.2.0.0
2025-01-28 17:00:12,208 [WARN] PackLoader:240 - Cannot read IP mode file for STMicroelectronics.X-CUBE-ISPU.2.0.0
2025-01-28 17:00:12,237 [ERROR] Engine:466 - C:\Users\PEKER\.stm32cubemx\thirdparties\pdsc\STMicroelectronics.X-CUBE-IPS.3.1.0.pdsc: PDSC version is not supported
2025-01-28 17:00:12,259 [WARN] PackLoader:240 - Cannot read IP mode file for STMicroelectronics.X-CUBE-ALS.1.0.2
2025-01-28 17:00:12,283 [WARN] PackLoader:240 - Cannot read IP mode file for STMicroelectronics.X-CUBE-TOUCHGFX.4.24.0
2025-01-28 17:00:12,305 [WARN] PackLoader:240 - Cannot read IP mode file for STMicroelectronics.X-CUBE-TOUCHGFX.4.24.2
2025-01-28 17:00:12,326 [WARN] PackLoader:240 - Cannot read IP mode file for STMicroelectronics.X-CUBE-TOUCHGFX.4.24.1
2025-01-28 17:00:12,349 [WARN] PackLoader:240 - Cannot read IP mode file for wolfSSL.I-CUBE-wolfTPM.3.4.0
2025-01-28 17:00:12,369 [WARN] PackLoader:240 - Cannot read IP mode file for portGmbH.I-Cube-SoM-uGOAL.1.1.0
2025-01-28 17:00:12,426 [WARN] PackLoader:240 - Cannot read IP mode file for STMicroelectronics.X-CUBE-AZRTOS-H7RS.1.0.0
2025-01-28 17:00:12,447 [WARN] PackLoader:240 - Cannot read IP mode file for STMicroelectronics.FP-ATR-ASTRA1.2.0.0
2025-01-28 17:00:12,480 [WARN] PackLoader:240 - Cannot read IP mode file for STMicroelectronics.X-CUBE-TOF1.3.4.2
2025-01-28 17:00:12,553 [WARN] PackLoader:240 - Cannot read IP mode file for Infineon.AIROC-Wi-Fi-Bluetooth-STM32.1.6.1
2025-01-28 17:00:12,579 [WARN] PackLoader:240 - Cannot read IP mode file for wolfSSL.I-CUBE-wolfSSH.1.4.17
2025-01-28 17:00:12,580 [INFO] ThirdParty:978 - Integrity check success = true
2025-01-28 17:00:12,580 [INFO] IntegrityCheckThread:100 - exiting critical section [integrity check]
2025-01-28 17:00:12,580 [INFO] IntegrityCheckThread:103 - End integrity checks thread
2025-01-28 17:00:14,298 [INFO] McuFinderGlobals:63 - Set McuFinder mode to 2 (CubeIDE integrated)
2025-01-28 17:00:14,329 [INFO] MainUpdater:2873 - connection check result : 10
2025-01-28 17:00:14,357 [INFO] McuFinderGlobals:76 - Set McuFinderConnectedMode to true
2025-01-28 17:00:14,579 [INFO] ServerAccessManage:473 - Download File mcusAds.json._tmp_
2025-01-28 17:00:14,692 [INFO] LoadUrlFilesThread:156 - End of LoadUrlFiles Thread
2025-01-28 17:00:14,930 [INFO] ServerAccessManage:473 - Download File cube-finder-db.zip
2025-01-28 17:00:18,561 [INFO] WebApp:167 - Instantiating new browser for Auth
2025-01-28 17:00:19,749 [INFO] WebApp:448 - Apply proxy settings
2025-01-28 17:00:19,749 [INFO] WebApp:533 - Chromium requires no authentication
2025-01-28 17:00:19,763 [INFO] WebApp:476 - Direct internet connection detected
2025-01-28 17:00:19,807 [INFO] WebApp:869 - Register for checkConnection events
2025-01-28 17:00:19,807 [INFO] WebApp:448 - Apply proxy settings
2025-01-28 17:00:19,807 [INFO] WebApp:533 - Chromium requires no authentication
2025-01-28 17:00:19,808 [INFO] WebApp:476 - Direct internet connection detected
2025-01-28 17:00:20,044 [INFO] WebApp:220 - Starting web application
2025-01-28 17:00:20,044 [INFO] WebApp:578 - Web application path used C:\ST\STM32CubeIDE_1.16.0\STM32CubeIDE\plugins\com.st.stm32cube.common.mx_6.12.0.202406281431\db\plugins\mcufinder\reactClient1\index.html
2025-01-28 17:00:20,301 [INFO] UserAuth:417 - Internet connection configuration mode: 1
2025-01-28 17:00:20,751 [INFO] WebApp:186 - Connection restablished
2025-01-28 17:00:43,635 [INFO] FileExtend:240 - Unzip File : cube-finder-db.zip
2025-01-28 17:00:43,635 [INFO] FileExtend:255 - Standard Zip Deflate
2025-01-28 17:00:45,037 [INFO] LoadUrlFilesThread:156 - End of LoadUrlFiles Thread
2025-01-28 17:00:45,428 [INFO] ServerAccessManage:473 - Download File crdb.zip
2025-01-28 17:00:45,893 [INFO] FileExtend:240 - Unzip File : crdb.zip
2025-01-28 17:00:45,893 [INFO] FileExtend:255 - Standard Zip Deflate
2025-01-28 17:00:46,042 [INFO] LoadUrlFilesThread:156 - End of LoadUrlFiles Thread
2025-01-28 17:00:46,203 [INFO] ServerAccessManage:473 - Download File tutoVideoDB.zip
2025-01-28 17:00:46,301 [INFO] FileExtend:240 - Unzip File : tutoVideoDB.zip
2025-01-28 17:00:46,302 [INFO] FileExtend:255 - Standard Zip Deflate
2025-01-28 17:00:46,436 [INFO] LoadUrlFilesThread:156 - End of LoadUrlFiles Thread
2025-01-28 17:00:46,439 [WARN] DbFile:41 - Overriding database path with different value: C:\Users\PEKER\.stmcufinder\plugins\mcufinder/ => C:\Users\PEKER\.stmcufinder\plugins\mcufinder
2025-01-28 17:00:46,592 [INFO] ServerAccessManage:473 - Download File api_config.json
2025-01-28 17:00:46,703 [INFO] LoadUrlFilesThread:156 - End of LoadUrlFiles Thread
2025-01-28 17:00:46,705 [INFO] DbMcusAds:53 - JSON generation date=Tue Dec 17 19:01:15 TRT 2024 (1734451275111)
2025-01-28 17:00:46,753 [INFO] LoadUrlFilesThread:185 - End of LoadServerUrlFiles without Thread
2025-01-28 17:00:46,753 [INFO] TargetSelectorAdapter:259 - Refresh data is successful
2025-01-28 17:00:47,271 [INFO] ApiDb:581 - Connected to CubeFinder SQLite database (C:\Users\PEKER\.stmcufinder\plugins\mcufinder\mcu\cube-finder-db.db)
2025-01-28 17:00:47,404 [INFO] ApiDb:668 - CubeFinder database Data Model version=2.1
2025-01-28 17:00:47,405 [INFO] ApiDb:669 - CubeFinder database Configuration version=3.0.39
2025-01-28 17:00:47,405 [INFO] ApiDb:670 - CubeFinder database generation date=2024-12-10 (1733817889)
2025-01-28 17:00:47,405 [INFO] ApiDb:671 - CubeFinder database FW Pack versions=[FP-ATR-ASTRA1_V2.0.0, FP-SNS-FLIGHT1_V5.0.2, FP-SNS-MOTENV1_V5.0.0, FP-SNS-MOTENVWB1_V1.4.0, FP-SNS-SMARTAG2_V1.2.0, FP-SNS-STBOX1_V2.0.0, STM32Cube_FW_C0_V1.3.0, STM32Cube_FW_F4_V1.28.1, STM32Cube_FW_F7_V1.17.2, STM32Cube_FW_G0_V1.6.2, STM32Cube_FW_G4_V1.6.1, STM32Cube_FW_H5_V1.4.0, STM32Cube_FW_H7RS_V1.1.0, STM32Cube_FW_H7_V1.12.0, STM32Cube_FW_L0_V1.12.2, STM32Cube_FW_L4_V1.18.1, STM32Cube_FW_L5_V1.5.1, STM32Cube_FW_N6_V1.0.0, STM32Cube_FW_U0_V1.2.0, STM32Cube_FW_U3_V1.0.0, STM32Cube_FW_U5_V1.7.0, STM32Cube_FW_WB0_V1.1.0, STM32Cube_FW_WBA_V1.5.0, STM32Cube_FW_WB_V1.21.0, STM32Cube_FW_WL3_V1.0.0, STM32Cube_FW_WL_V1.3.0, X-CUBE-ALGOBUILD_V1.4.0, X-CUBE-ALS_V1.0.2, X-CUBE-AZRTOS-F4_V1.1.0, X-CUBE-AZRTOS-F7_V1.1.0, X-CUBE-AZRTOS-G0_V1.1.0, X-CUBE-AZRTOS-G4_V2.0.0, X-CUBE-AZRTOS-H7RS_V1.0.0, X-CUBE-AZRTOS-H7_V3.3.0, X-CUBE-AZRTOS-L4_V2.0.0, X-CUBE-AZRTOS-L5_V2.0.0, X-CUBE-AZRTOS-WB_V2.0.0, X-CUBE-AZRTOS-WL_V2.0.0, X-CUBE-BLE1_V7.0.0, X-CUBE-BLE2_V3.3.0, X-CUBE-BLEMGR_V3.1.0, X-CUBE-EEPRMA1_V5.1.0, X-CUBE-FREERTOS_V1.2.0, X-CUBE-GNSS1_V6.0.0, X-CUBE-MEMS1_V11.0.0, X-CUBE-NFC4_V3.0.0, X-CUBE-NFC7_V1.0.1, X-CUBE-SFXS2LP1_V4.0.0, X-CUBE-SUBG2_V5.0.0, X-CUBE-TOF1_V3.4.2]
2025-01-28 17:00:50,817 [INFO] ApiDb:240 - Found 646 in-development CPN: [B-G473E-ZEST1S, B-WB1M-WPAN1, B-WL5M-SUBG1, NUCLEO-C031C6, NUCLEO-C071RB, NUCLEO-H503RB, NUCLEO-H533RE, NUCLEO-H563ZI, NUCLEO-H7S3L8, NUCLEO-U031R8, NUCLEO-U083RC, NUCLEO-U545RE-Q, NUCLEO-U5A5ZJ-Q, NUCLEO-WB05KZ, NUCLEO-WB07CC, NUCLEO-WB09KE, NUCLEO-WBA52CG, NUCLEO-WBA55CG, STEVAL-PROTEUS1, STEVAL-SMARTAG2, STEVAL-STWINBX1, STM320518-EVAL, STM32C0116-DK, STM32C011D6Y3TR, STM32C011D6Y6TR, STM32C011F4P3, STM32C011F4P6, STM32C011F4U3, STM32C011F4U6TR, STM32C011F6P3, STM32C011F6P6, STM32C011F6U3, STM32C011F6U6TR, STM32C011J4M3, STM32C011J4M6, STM32C011J6M3, STM32C011J6M6, STM32C0316-DK, STM32C031C4T3, STM32C031C4T6, STM32C031C4U3, STM32C031C4U6, STM32C031C6T3, STM32C031C6T6, STM32C031C6U3, STM32C031C6U6, STM32C031F4P3, STM32C031F4P6, STM32C031F6P3, STM32C031F6P6, STM32C031G4U3, STM32C031G4U6, STM32C031G6U3, STM32C031G6U6, STM32C031K4T3, STM32C031K4T6, STM32C031K4U3, STM32C031K4U6, STM32C031K6T3, STM32C031K6T6, STM32C031K6U3, STM32C031K6U6, STM32C071C8T6, STM32C071C8T6N, STM32C071C8U6, STM32C071C8U6N, STM32C071CBT6, STM32C071CBT6N, STM32C071CBU6, STM32C071CBU6N, STM32C071F8P6, STM32C071F8P6N, STM32C071FBP6, STM32C071FBP6N, STM32C071FBY6TR, STM32C071G8U6, STM32C071G8U6N, STM32C071GBU6, STM32C071GBU6N, STM32C071K8T6, STM32C071K8T6N, STM32C071K8U6, STM32C071K8U6N, STM32C071KBT6, STM32C071KBT6N, STM32C071KBU6, STM32C071KBU6N, STM32C071R8T6, STM32C071R8T6N, STM32C071RBI6N, STM32C071RBT6, STM32C071RBT6N, STM32G071K8TXN, STM32G071K8UXN, STM32G081GBU6N, STM32G081KBT6N, STM32G081KBUXN, STM32G0B1CCT6N, STM32G0B1KCT6, STM32G0B1NEY6TR, STM32G0B1RCT6N, STM32G0C1CCT6, STM32G0C1CCT6N, STM32G0C1CCU6N, STM32G0C1CET6N, STM32G0C1CEU6N, STM32G0C1KCT6, STM32G0C1NEY6TR, STM32G0C1RCI6N, STM32G0C1RCT6N, STM32G0C1REI6N, STM32G0C1RET6N, STM32G0C1VCI6, STM32G0C1VEI6, STM32G411C6T3, STM32G411C6T6, STM32G411C6U3, STM32G411C6U6, STM32G411C8T3, STM32G411C8T6, STM32G411C8U3, STM32G411C8U6, STM32G411CBT3, STM32G411CBT6, STM32G411CBU3, STM32G411CBU6, STM32G411K6T3, STM32G411K6T6, STM32G411K6U3, STM32G411K6U6, STM32G411K8T3, STM32G411K8T6, STM32G411K8U3, STM32G411K8U6, STM32G411KBT3, STM32G411KBT6, STM32G411KBU3, STM32G411KBU6, STM32G411M6T3, STM32G411M6T6, STM32G411M8T3, STM32G411M8T6, STM32G411MBT3, STM32G411MBT6, STM32G411R6T3, STM32G411R6T6, STM32G411R8T3, STM32G411R8T6, STM32G411RBT3, STM32G411RBT6, STM32G414CBT3, STM32G414CBT6, STM32G414CBU3, STM32G414CBU6, STM32G414CCT3, STM32G414CCT6, STM32G414CCU3, STM32G414CCU6, STM32G414MBT3, STM32G414MBT6, STM32G414MCT3, STM32G414MCT6, STM32G414RBT3, STM32G414RBT6, STM32G414RCT3, STM32G414RCT6, STM32G414VBT3, STM32G414VBT6, STM32G414VCT3, STM32G414VCT6, STM32G431CBT3Z, STM32G431RBT3Z, STM32G471CCT6, STM32G471CCU6, STM32G471CET3, STM32G471CET6, STM32G471CEU3, STM32G471CEU6, STM32G471MCT6, STM32G471MET3, STM32G471MET6, STM32G471MEY6TR, STM32G471QCT6, STM32G471QET3, STM32G471RCT6, STM32G471RET3, STM32G471RET6, STM32G471VCH6, STM32G471VCI6, STM32G471VCT6, STM32G471VEH3, STM32G471VEH6, STM32G471VEI3, STM32G471VEI6, STM32G471VET3, STM32G471VET6, STM32G473QET3Z, STM32G473RET3Z, STM32G474CCT6, STM32G491RET3Z, STM32H503CBT6, STM32H503CBU6, STM32H503EBY6TR, STM32H503KBU6, STM32H503RBT6, STM32H523CCT6, STM32H523CCU6, STM32H523CET6, STM32H523CEU6, STM32H523HEY6TR, STM32H523RCT6, STM32H523RET6, STM32H523VCI6, STM32H523VCT6, STM32H523VEI6, STM32H523VET6, STM32H523ZCJ6, STM32H523ZCT6, STM32H523ZEJ6, STM32H523ZET6, STM32H533CET6, STM32H533CEU6, STM32H533HEY6TR, STM32H533RET6, STM32H533VEI6, STM32H533VET6, STM32H533ZEJ6, STM32H533ZET6, STM32H562AGI6, STM32H562AII6, STM32H562IGK6, STM32H562IGT6, STM32H562IIK6, STM32H562IIT6, STM32H562RGT6, STM32H562RGV6, STM32H562RIT6, STM32H562RIV6, STM32H562VGT6, STM32H562VIT6, STM32H562ZGT6, STM32H562ZIT6, STM32H563AGI6, STM32H563AII3Q, STM32H563AII6, STM32H563IGK6, STM32H563IGT6, STM32H563IIK3Q, STM32H563IIK6, STM32H563IIT3Q, STM32H563IIT6, STM32H563MIY3QTR, STM32H563RGT6, STM32H563RGV6, STM32H563RIT6, STM32H563RIV6, STM32H563VGT6, STM32H563VIT3Q, STM32H563VIT6, STM32H563ZGT6, STM32H563ZIT3Q, STM32H563ZIT6, STM32H573AII3Q, STM32H573AII6, STM32H573I-DK, STM32H573IIK3Q, STM32H573IIK6, STM32H573IIT3Q, STM32H573IIT6, STM32H573MIY3QTR, STM32H573RIT6, STM32H573RIV6, STM32H573VIT3Q, STM32H573VIT6, STM32H573ZIT3Q, STM32H573ZIT6, STM32H7R3A8I6, STM32H7R3I8K6, STM32H7R3I8T6, STM32H7R3L8H6, STM32H7R3L8H6H, STM32H7R3R8V6, STM32H7R3V8H6, STM32H7R3V8T6, STM32H7R3V8Y6TR, STM32H7R3Z8J6, STM32H7R3Z8T6, STM32H7R7A8I6, STM32H7R7I8K6, STM32H7R7I8T6, STM32H7R7L8H6, STM32H7R7L8H6H, STM32H7R7Z8J6, STM32H7S3A8I6, STM32H7S3I8K6, STM32H7S3I8T6, STM32H7S3L8H6, STM32H7S3L8H6H, STM32H7S3R8V6, STM32H7S3V8H6, STM32H7S3V8T6, STM32H7S3V8Y6TR, STM32H7S3Z8J6, STM32H7S3Z8T6, STM32H7S78-DK, STM32H7S7A8I6, STM32H7S7I8K6, STM32H7S7I8T6, STM32H7S7L8H6, STM32H7S7L8H6H, STM32H7S7Z8J6, STM32L4R5QGI6STR, STM32MP131AAE3, STM32MP131AAF3, STM32MP131AAG3, STM32MP131CAE3, STM32MP131CAF3, STM32MP131CAG3, STM32MP131DAE7, STM32MP131DAF7, STM32MP131DAG7, STM32MP131FAE7, STM32MP131FAF7, STM32MP131FAG7, STM32MP133AAE3, STM32MP133AAF3, STM32MP133AAG3, STM32MP133CAE3, STM32MP133CAF3, STM32MP133CAG3, STM32MP133DAE7, STM32MP133DAF7, STM32MP133DAG7, STM32MP133FAE7, STM32MP133FAF7, STM32MP133FAG7, STM32MP135AAE3, STM32MP135AAF3, STM32MP135AAG3, STM32MP135CAE3, STM32MP135CAF3, STM32MP135CAG3, STM32MP135DAE7, STM32MP135DAF7, STM32MP135DAG7, STM32MP135F-DK, STM32MP135FAE7, STM32MP135FAF7, STM32MP135FAF7T, STM32MP135FAF7U, STM32MP135FAG7, STM32MP251AAI3, STM32MP251AAK3, STM32MP251AAL3, STM32MP251CAI3, STM32MP251CAK3, STM32MP251CAL3, STM32MP251DAI3, STM32MP251DAK3, STM32MP251DAL3, STM32MP251FAI3, STM32MP251FAK3, STM32MP251FAL3, STM32MP253AAI3, STM32MP253AAK3, STM32MP253AAL3, STM32MP253CAI3, STM32MP253CAK3, STM32MP253CAL3, STM32MP253DAI3, STM32MP253DAK3, STM32MP253DAL3, STM32MP253FAI3, STM32MP253FAK3, STM32MP253FAL3, STM32MP255AAI3, STM32MP255AAK3, STM32MP255AAL3, STM32MP255CAI3, STM32MP255CAK3, STM32MP255CAL3, STM32MP255DAI3, STM32MP255DAK3, STM32MP255DAL3, STM32MP255FAI3, STM32MP255FAK3, STM32MP255FAL3, STM32MP257AAI3, STM32MP257AAK3, STM32MP257AAL3, STM32MP257CAI3, STM32MP257CAK3, STM32MP257CAL3, STM32MP257DAI3, STM32MP257DAK3, STM32MP257DAL3, STM32MP257F-DK, STM32MP257F-EV1, STM32MP257FAI3, STM32MP257FAK3, STM32MP257FAL3, STM32U031C6T6, STM32U031C6U6, STM32U031C8T6, STM32U031C8U6, STM32U031F4P6, STM32U031F6P6, STM32U031F8P6, STM32U031G6Y6TR, STM32U031G8Y6TR, STM32U031K4U6, STM32U031K6U6, STM32U031K8U6, STM32U031R6I6, STM32U031R6T6, STM32U031R8I6, STM32U031R8T6, STM32U073C8T6, STM32U073C8U6, STM32U073CBT6, STM32U073CBU6, STM32U073CCT6, STM32U073CCU6, STM32U073H8Y6TR, STM32U073HBY6TR, STM32U073HCY6TR, STM32U073K8U6, STM32U073KBU6, STM32U073KCU6, STM32U073M8I6, STM32U073M8T6, STM32U073MBI6, STM32U073MBT6, STM32U073MCI6, STM32U073MCT6, STM32U073R8I6, STM32U073R8T6, STM32U073RBI6, STM32U073RBT6, STM32U073RCI6, STM32U073RCT6, STM32U083C-DK, STM32U083CCT6, STM32U083CCU6, STM32U083HCY6TR, STM32U083KCU6, STM32U083MCI6, STM32U083MCT6, STM32U083RCI6, STM32U083RCT6, STM32U535CBT6, STM32U535CBT6Q, STM32U535CBU6, STM32U535CBU6Q, STM32U535CCT6, STM32U535CCT6Q, STM32U535CCU6, STM32U535CCU6Q, STM32U535CET6, STM32U535CET6Q, STM32U535CEU6, STM32U535CEU6Q, STM32U535JEY6QTR, STM32U535NCY6QTR, STM32U535NEY6QTR, STM32U535RBI6, STM32U535RBI6Q, STM32U535RBT6, STM32U535RBT6Q, STM32U535RCI6, STM32U535RCI6Q, STM32U535RCT6, STM32U535RCT6Q, STM32U535REI6, STM32U535REI6Q, STM32U535RET6, STM32U535RET6Q, STM32U535VCI6, STM32U535VCI6Q, STM32U535VCT6, STM32U535VCT6Q, STM32U535VEI6, STM32U535VEI6Q, STM32U535VET6, STM32U535VET6Q, STM32U545CET6, STM32U545CET6Q, STM32U545CEU6, STM32U545CEU6Q, STM32U545JEY6QTR, STM32U545NEY6QTR, STM32U545REI6, STM32U545REI6Q, STM32U545RET6, STM32U545RET6Q, STM32U545VEI6, STM32U545VEI6Q, STM32U545VET6, STM32U545VET6Q, STM32U595AIH6, STM32U595AIH6Q, STM32U595AJH6, STM32U595AJH6Q, STM32U595QII6, STM32U595QII6Q, STM32U595QJI6, STM32U595QJI6Q, STM32U595RIT6, STM32U595RIT6Q, STM32U595RJT6, STM32U595RJT6Q, STM32U595VIT6, STM32U595VIT6Q, STM32U595VJT6, STM32U595VJT6Q, STM32U595ZIT6, STM32U595ZIT6Q, STM32U595ZIY6QTR, STM32U595ZJT6, STM32U595ZJT6Q, STM32U595ZJY6QTR, STM32U599BJY6QTR, STM32U599NIH6Q, STM32U599NJH6Q, STM32U599VIT6Q, STM32U599VJT6, STM32U599VJT6Q, STM32U599ZIT6Q, STM32U599ZIY6QTR, STM32U599ZJT6Q, STM32U599ZJY6QTR, STM32U5A5AJH6, STM32U5A5AJH6Q, STM32U5A5QII3Q , STM32U5A5QJI6, STM32U5A5QJI6Q, STM32U5A5RJT6, STM32U5A5RJT6Q, STM32U5A5VJT6, STM32U5A5VJT6Q, STM32U5A5ZJT6, STM32U5A5ZJT6Q, STM32U5A5ZJY6QTR, STM32U5A9BJY6QTR, STM32U5A9J-DK, STM32U5A9NJH6Q, STM32U5A9VJT6Q, STM32U5A9ZJT6Q, STM32U5A9ZJY6QTR, STM32U5F7VIT6, STM32U5F7VIT6Q, STM32U5F7VJT6, STM32U5F7VJT6Q, STM32U5F9BJY6QTR, STM32U5F9NJH6Q, STM32U5F9VIT6Q, STM32U5F9VJT6Q, STM32U5F9ZIJ6QTR, STM32U5F9ZIT6Q, STM32U5F9ZJJ6QTR, STM32U5F9ZJT6Q, STM32U5G7VJT6, STM32U5G7VJT6Q, STM32U5G9BJY6QTR, STM32U5G9J-DK1, STM32U5G9J-DK2, STM32U5G9NJH6Q, STM32U5G9VJT6Q, STM32U5G9ZJJ6QTR, STM32U5G9ZJT6Q, STM32WB05KZV6TR, STM32WB05KZV7TR, STM32WB05TZF6TR, STM32WB05TZF7TR, STM32WB06CCF6TR, STM32WB06CCF7TR, STM32WB06CCV6TR, STM32WB06CCV7TR, STM32WB06KCV6TR, STM32WB06KCV7TR, STM32WB07CCF6TR, STM32WB07CCF7TR, STM32WB07CCV6TR, STM32WB07CCV7TR, STM32WB07KCV6TR, STM32WB07KCV7TR, STM32WB09KEV6TR, STM32WB09KEV7TR, STM32WB09TEF6TR, STM32WB09TEF7TR, STM32WB1MMCH6, STM32WBA50KGU6, STM32WBA50KGU6TR, STM32WBA52CEU6, STM32WBA52CEU6TR, STM32WBA52CEU7, STM32WBA52CEU7TR, STM32WBA52CGU6, STM32WBA52CGU6TR, STM32WBA52CGU6U, STM32WBA52CGU7, STM32WBA52CGU7TR, STM32WBA52KEU6, STM32WBA52KEU6TR, STM32WBA52KGU6, STM32WBA52KGU6TR, STM32WBA54CEU6, STM32WBA54CEU6TR, STM32WBA54CEU7, STM32WBA54CEU7TR, STM32WBA54CGU6, STM32WBA54CGU6TR, STM32WBA54CGU7, STM32WBA54CGU7TR, STM32WBA54KEU6, STM32WBA54KEU6TR, STM32WBA54KEU7, STM32WBA54KEU7TR, STM32WBA54KGU6, STM32WBA54KGU6TR, STM32WBA54KGU7, STM32WBA54KGU7TR, STM32WBA55CEU6, STM32WBA55CEU6TR, STM32WBA55CEU7, STM32WBA55CEU7TR, STM32WBA55CGU6, STM32WBA55CGU6TR, STM32WBA55CGU6U, STM32WBA55CGU7, STM32WBA55CGU7TR, STM32WBA55G-DK1, STM32WBA55HEF6, STM32WBA55HEF7, STM32WBA55HGF6, STM32WBA55HGF7, STM32WBA55UEI6, STM32WBA55UEI6TR, STM32WBA55UEI7, STM32WBA55UEI7TR, STM32WBA55UGI6, STM32WBA55UGI6TR, STM32WBA55UGI7, STM32WBA55UGI7TR, STM32WL5MOCH6, STM32WL5MOCH6TR]
2025-01-28 17:00:50,824 [INFO] DbMcus:218 - Found 4404 MCUs, 4404 are supported
2025-01-28 17:00:50,837 [INFO] ApiDb:423 - Load user favorites file C:\Users\PEKER/.stm32cubeide/favorites.mcus.txt: 2 item(s)
2025-01-28 17:00:50,837 [INFO] ApiDb:427 - User favorites MCUs=[STM32F103C8T6, STM32F407VGT6]
2025-01-28 17:00:50,837 [INFO] DbMcus:224 - Set 2 / 2 favorites MCUs
2025-01-28 17:00:51,608 [INFO] ApiDb:668 - CubeFinder database Data Model version=2.1
2025-01-28 17:00:51,608 [INFO] ApiDb:669 - CubeFinder database Configuration version=3.0.39
2025-01-28 17:00:51,609 [INFO] ApiDb:670 - CubeFinder database generation date=2024-12-10 (1733817889)
2025-01-28 17:00:51,609 [INFO] ApiDb:671 - CubeFinder database FW Pack versions=[FP-ATR-ASTRA1_V2.0.0, FP-SNS-FLIGHT1_V5.0.2, FP-SNS-MOTENV1_V5.0.0, FP-SNS-MOTENVWB1_V1.4.0, FP-SNS-SMARTAG2_V1.2.0, FP-SNS-STBOX1_V2.0.0, STM32Cube_FW_C0_V1.3.0, STM32Cube_FW_F4_V1.28.1, STM32Cube_FW_F7_V1.17.2, STM32Cube_FW_G0_V1.6.2, STM32Cube_FW_G4_V1.6.1, STM32Cube_FW_H5_V1.4.0, STM32Cube_FW_H7RS_V1.1.0, STM32Cube_FW_H7_V1.12.0, STM32Cube_FW_L0_V1.12.2, STM32Cube_FW_L4_V1.18.1, STM32Cube_FW_L5_V1.5.1, STM32Cube_FW_N6_V1.0.0, STM32Cube_FW_U0_V1.2.0, STM32Cube_FW_U3_V1.0.0, STM32Cube_FW_U5_V1.7.0, STM32Cube_FW_WB0_V1.1.0, STM32Cube_FW_WBA_V1.5.0, STM32Cube_FW_WB_V1.21.0, STM32Cube_FW_WL3_V1.0.0, STM32Cube_FW_WL_V1.3.0, X-CUBE-ALGOBUILD_V1.4.0, X-CUBE-ALS_V1.0.2, X-CUBE-AZRTOS-F4_V1.1.0, X-CUBE-AZRTOS-F7_V1.1.0, X-CUBE-AZRTOS-G0_V1.1.0, X-CUBE-AZRTOS-G4_V2.0.0, X-CUBE-AZRTOS-H7RS_V1.0.0, X-CUBE-AZRTOS-H7_V3.3.0, X-CUBE-AZRTOS-L4_V2.0.0, X-CUBE-AZRTOS-L5_V2.0.0, X-CUBE-AZRTOS-WB_V2.0.0, X-CUBE-AZRTOS-WL_V2.0.0, X-CUBE-BLE1_V7.0.0, X-CUBE-BLE2_V3.3.0, X-CUBE-BLEMGR_V3.1.0, X-CUBE-EEPRMA1_V5.1.0, X-CUBE-FREERTOS_V1.2.0, X-CUBE-GNSS1_V6.0.0, X-CUBE-MEMS1_V11.0.0, X-CUBE-NFC4_V3.0.0, X-CUBE-NFC7_V1.0.1, X-CUBE-SFXS2LP1_V4.0.0, X-CUBE-SUBG2_V5.0.0, X-CUBE-TOF1_V3.4.2]
2025-01-28 17:00:51,681 [INFO] DbBoardsSqlite:226 - include board P-NUCLEO-WB55-NUCLEO as a kit item of type 'Nucleo-64'
2025-01-28 17:00:51,681 [INFO] DbBoardsSqlite:226 - include board P-NUCLEO-WB55-USBDONGLE as a kit item of type 'Nucleo USB Dongle'
2025-01-28 17:00:51,681 [INFO] DbBoardsSqlite:226 - include board STEVAL-IDP005V1 as a kit item of type 'Evaluation Board'
2025-01-28 17:00:51,681 [INFO] DbBoardsSqlite:226 - include board STEVAL-IDP005V2 as a kit item of type 'Evaluation Board'
2025-01-28 17:00:51,769 [INFO] ApiDb:240 - Found 646 in-development CPN: [B-G473E-ZEST1S, B-WB1M-WPAN1, B-WL5M-SUBG1, NUCLEO-C031C6, NUCLEO-C071RB, NUCLEO-H503RB, NUCLEO-H533RE, NUCLEO-H563ZI, NUCLEO-H7S3L8, NUCLEO-U031R8, NUCLEO-U083RC, NUCLEO-U545RE-Q, NUCLEO-U5A5ZJ-Q, NUCLEO-WB05KZ, NUCLEO-WB07CC, NUCLEO-WB09KE, NUCLEO-WBA52CG, NUCLEO-WBA55CG, STEVAL-PROTEUS1, STEVAL-SMARTAG2, STEVAL-STWINBX1, STM320518-EVAL, STM32C0116-DK, STM32C011D6Y3TR, STM32C011D6Y6TR, STM32C011F4P3, STM32C011F4P6, STM32C011F4U3, STM32C011F4U6TR, STM32C011F6P3, STM32C011F6P6, STM32C011F6U3, STM32C011F6U6TR, STM32C011J4M3, STM32C011J4M6, STM32C011J6M3, STM32C011J6M6, STM32C0316-DK, STM32C031C4T3, STM32C031C4T6, STM32C031C4U3, STM32C031C4U6, STM32C031C6T3, STM32C031C6T6, STM32C031C6U3, STM32C031C6U6, STM32C031F4P3, STM32C031F4P6, STM32C031F6P3, STM32C031F6P6, STM32C031G4U3, STM32C031G4U6, STM32C031G6U3, STM32C031G6U6, STM32C031K4T3, STM32C031K4T6, STM32C031K4U3, STM32C031K4U6, STM32C031K6T3, STM32C031K6T6, STM32C031K6U3, STM32C031K6U6, STM32C071C8T6, STM32C071C8T6N, STM32C071C8U6, STM32C071C8U6N, STM32C071CBT6, STM32C071CBT6N, STM32C071CBU6, STM32C071CBU6N, STM32C071F8P6, STM32C071F8P6N, STM32C071FBP6, STM32C071FBP6N, STM32C071FBY6TR, STM32C071G8U6, STM32C071G8U6N, STM32C071GBU6, STM32C071GBU6N, STM32C071K8T6, STM32C071K8T6N, STM32C071K8U6, STM32C071K8U6N, STM32C071KBT6, STM32C071KBT6N, STM32C071KBU6, STM32C071KBU6N, STM32C071R8T6, STM32C071R8T6N, STM32C071RBI6N, STM32C071RBT6, STM32C071RBT6N, STM32G071K8TXN, STM32G071K8UXN, STM32G081GBU6N, STM32G081KBT6N, STM32G081KBUXN, STM32G0B1CCT6N, STM32G0B1KCT6, STM32G0B1NEY6TR, STM32G0B1RCT6N, STM32G0C1CCT6, STM32G0C1CCT6N, STM32G0C1CCU6N, STM32G0C1CET6N, STM32G0C1CEU6N, STM32G0C1KCT6, STM32G0C1NEY6TR, STM32G0C1RCI6N, STM32G0C1RCT6N, STM32G0C1REI6N, STM32G0C1RET6N, STM32G0C1VCI6, STM32G0C1VEI6, STM32G411C6T3, STM32G411C6T6, STM32G411C6U3, STM32G411C6U6, STM32G411C8T3, STM32G411C8T6, STM32G411C8U3, STM32G411C8U6, STM32G411CBT3, STM32G411CBT6, STM32G411CBU3, STM32G411CBU6, STM32G411K6T3, STM32G411K6T6, STM32G411K6U3, STM32G411K6U6, STM32G411K8T3, STM32G411K8T6, STM32G411K8U3, STM32G411K8U6, STM32G411KBT3, STM32G411KBT6, STM32G411KBU3, STM32G411KBU6, STM32G411M6T3, STM32G411M6T6, STM32G411M8T3, STM32G411M8T6, STM32G411MBT3, STM32G411MBT6, STM32G411R6T3, STM32G411R6T6, STM32G411R8T3, STM32G411R8T6, STM32G411RBT3, STM32G411RBT6, STM32G414CBT3, STM32G414CBT6, STM32G414CBU3, STM32G414CBU6, STM32G414CCT3, STM32G414CCT6, STM32G414CCU3, STM32G414CCU6, STM32G414MBT3, STM32G414MBT6, STM32G414MCT3, STM32G414MCT6, STM32G414RBT3, STM32G414RBT6, STM32G414RCT3, STM32G414RCT6, STM32G414VBT3, STM32G414VBT6, STM32G414VCT3, STM32G414VCT6, STM32G431CBT3Z, STM32G431RBT3Z, STM32G471CCT6, STM32G471CCU6, STM32G471CET3, STM32G471CET6, STM32G471CEU3, STM32G471CEU6, STM32G471MCT6, STM32G471MET3, STM32G471MET6, STM32G471MEY6TR, STM32G471QCT6, STM32G471QET3, STM32G471RCT6, STM32G471RET3, STM32G471RET6, STM32G471VCH6, STM32G471VCI6, STM32G471VCT6, STM32G471VEH3, STM32G471VEH6, STM32G471VEI3, STM32G471VEI6, STM32G471VET3, STM32G471VET6, STM32G473QET3Z, STM32G473RET3Z, STM32G474CCT6, STM32G491RET3Z, STM32H503CBT6, STM32H503CBU6, STM32H503EBY6TR, STM32H503KBU6, STM32H503RBT6, STM32H523CCT6, STM32H523CCU6, STM32H523CET6, STM32H523CEU6, STM32H523HEY6TR, STM32H523RCT6, STM32H523RET6, STM32H523VCI6, STM32H523VCT6, STM32H523VEI6, STM32H523VET6, STM32H523ZCJ6, STM32H523ZCT6, STM32H523ZEJ6, STM32H523ZET6, STM32H533CET6, STM32H533CEU6, STM32H533HEY6TR, STM32H533RET6, STM32H533VEI6, STM32H533VET6, STM32H533ZEJ6, STM32H533ZET6, STM32H562AGI6, STM32H562AII6, STM32H562IGK6, STM32H562IGT6, STM32H562IIK6, STM32H562IIT6, STM32H562RGT6, STM32H562RGV6, STM32H562RIT6, STM32H562RIV6, STM32H562VGT6, STM32H562VIT6, STM32H562ZGT6, STM32H562ZIT6, STM32H563AGI6, STM32H563AII3Q, STM32H563AII6, STM32H563IGK6, STM32H563IGT6, STM32H563IIK3Q, STM32H563IIK6, STM32H563IIT3Q, STM32H563IIT6, STM32H563MIY3QTR, STM32H563RGT6, STM32H563RGV6, STM32H563RIT6, STM32H563RIV6, STM32H563VGT6, STM32H563VIT3Q, STM32H563VIT6, STM32H563ZGT6, STM32H563ZIT3Q, STM32H563ZIT6, STM32H573AII3Q, STM32H573AII6, STM32H573I-DK, STM32H573IIK3Q, STM32H573IIK6, STM32H573IIT3Q, STM32H573IIT6, STM32H573MIY3QTR, STM32H573RIT6, STM32H573RIV6, STM32H573VIT3Q, STM32H573VIT6, STM32H573ZIT3Q, STM32H573ZIT6, STM32H7R3A8I6, STM32H7R3I8K6, STM32H7R3I8T6, STM32H7R3L8H6, STM32H7R3L8H6H, STM32H7R3R8V6, STM32H7R3V8H6, STM32H7R3V8T6, STM32H7R3V8Y6TR, STM32H7R3Z8J6, STM32H7R3Z8T6, STM32H7R7A8I6, STM32H7R7I8K6, STM32H7R7I8T6, STM32H7R7L8H6, STM32H7R7L8H6H, STM32H7R7Z8J6, STM32H7S3A8I6, STM32H7S3I8K6, STM32H7S3I8T6, STM32H7S3L8H6, STM32H7S3L8H6H, STM32H7S3R8V6, STM32H7S3V8H6, STM32H7S3V8T6, STM32H7S3V8Y6TR, STM32H7S3Z8J6, STM32H7S3Z8T6, STM32H7S78-DK, STM32H7S7A8I6, STM32H7S7I8K6, STM32H7S7I8T6, STM32H7S7L8H6, STM32H7S7L8H6H, STM32H7S7Z8J6, STM32L4R5QGI6STR, STM32MP131AAE3, STM32MP131AAF3, STM32MP131AAG3, STM32MP131CAE3, STM32MP131CAF3, STM32MP131CAG3, STM32MP131DAE7, STM32MP131DAF7, STM32MP131DAG7, STM32MP131FAE7, STM32MP131FAF7, STM32MP131FAG7, STM32MP133AAE3, STM32MP133AAF3, STM32MP133AAG3, STM32MP133CAE3, STM32MP133CAF3, STM32MP133CAG3, STM32MP133DAE7, STM32MP133DAF7, STM32MP133DAG7, STM32MP133FAE7, STM32MP133FAF7, STM32MP133FAG7, STM32MP135AAE3, STM32MP135AAF3, STM32MP135AAG3, STM32MP135CAE3, STM32MP135CAF3, STM32MP135CAG3, STM32MP135DAE7, STM32MP135DAF7, STM32MP135DAG7, STM32MP135F-DK, STM32MP135FAE7, STM32MP135FAF7, STM32MP135FAF7T, STM32MP135FAF7U, STM32MP135FAG7, STM32MP251AAI3, STM32MP251AAK3, STM32MP251AAL3, STM32MP251CAI3, STM32MP251CAK3, STM32MP251CAL3, STM32MP251DAI3, STM32MP251DAK3, STM32MP251DAL3, STM32MP251FAI3, STM32MP251FAK3, STM32MP251FAL3, STM32MP253AAI3, STM32MP253AAK3, STM32MP253AAL3, STM32MP253CAI3, STM32MP253CAK3, STM32MP253CAL3, STM32MP253DAI3, STM32MP253DAK3, STM32MP253DAL3, STM32MP253FAI3, STM32MP253FAK3, STM32MP253FAL3, STM32MP255AAI3, STM32MP255AAK3, STM32MP255AAL3, STM32MP255CAI3, STM32MP255CAK3, STM32MP255CAL3, STM32MP255DAI3, STM32MP255DAK3, STM32MP255DAL3, STM32MP255FAI3, STM32MP255FAK3, STM32MP255FAL3, STM32MP257AAI3, STM32MP257AAK3, STM32MP257AAL3, STM32MP257CAI3, STM32MP257CAK3, STM32MP257CAL3, STM32MP257DAI3, STM32MP257DAK3, STM32MP257DAL3, STM32MP257F-DK, STM32MP257F-EV1, STM32MP257FAI3, STM32MP257FAK3, STM32MP257FAL3, STM32U031C6T6, STM32U031C6U6, STM32U031C8T6, STM32U031C8U6, STM32U031F4P6, STM32U031F6P6, STM32U031F8P6, STM32U031G6Y6TR, STM32U031G8Y6TR, STM32U031K4U6, STM32U031K6U6, STM32U031K8U6, STM32U031R6I6, STM32U031R6T6, STM32U031R8I6, STM32U031R8T6, STM32U073C8T6, STM32U073C8U6, STM32U073CBT6, STM32U073CBU6, STM32U073CCT6, STM32U073CCU6, STM32U073H8Y6TR, STM32U073HBY6TR, STM32U073HCY6TR, STM32U073K8U6, STM32U073KBU6, STM32U073KCU6, STM32U073M8I6, STM32U073M8T6, STM32U073MBI6, STM32U073MBT6, STM32U073MCI6, STM32U073MCT6, STM32U073R8I6, STM32U073R8T6, STM32U073RBI6, STM32U073RBT6, STM32U073RCI6, STM32U073RCT6, STM32U083C-DK, STM32U083CCT6, STM32U083CCU6, STM32U083HCY6TR, STM32U083KCU6, STM32U083MCI6, STM32U083MCT6, STM32U083RCI6, STM32U083RCT6, STM32U535CBT6, STM32U535CBT6Q, STM32U535CBU6, STM32U535CBU6Q, STM32U535CCT6, STM32U535CCT6Q, STM32U535CCU6, STM32U535CCU6Q, STM32U535CET6, STM32U535CET6Q, STM32U535CEU6, STM32U535CEU6Q, STM32U535JEY6QTR, STM32U535NCY6QTR, STM32U535NEY6QTR, STM32U535RBI6, STM32U535RBI6Q, STM32U535RBT6, STM32U535RBT6Q, STM32U535RCI6, STM32U535RCI6Q, STM32U535RCT6, STM32U535RCT6Q, STM32U535REI6, STM32U535REI6Q, STM32U535RET6, STM32U535RET6Q, STM32U535VCI6, STM32U535VCI6Q, STM32U535VCT6, STM32U535VCT6Q, STM32U535VEI6, STM32U535VEI6Q, STM32U535VET6, STM32U535VET6Q, STM32U545CET6, STM32U545CET6Q, STM32U545CEU6, STM32U545CEU6Q, STM32U545JEY6QTR, STM32U545NEY6QTR, STM32U545REI6, STM32U545REI6Q, STM32U545RET6, STM32U545RET6Q, STM32U545VEI6, STM32U545VEI6Q, STM32U545VET6, STM32U545VET6Q, STM32U595AIH6, STM32U595AIH6Q, STM32U595AJH6, STM32U595AJH6Q, STM32U595QII6, STM32U595QII6Q, STM32U595QJI6, STM32U595QJI6Q, STM32U595RIT6, STM32U595RIT6Q, STM32U595RJT6, STM32U595RJT6Q, STM32U595VIT6, STM32U595VIT6Q, STM32U595VJT6, STM32U595VJT6Q, STM32U595ZIT6, STM32U595ZIT6Q, STM32U595ZIY6QTR, STM32U595ZJT6, STM32U595ZJT6Q, STM32U595ZJY6QTR, STM32U599BJY6QTR, STM32U599NIH6Q, STM32U599NJH6Q, STM32U599VIT6Q, STM32U599VJT6, STM32U599VJT6Q, STM32U599ZIT6Q, STM32U599ZIY6QTR, STM32U599ZJT6Q, STM32U599ZJY6QTR, STM32U5A5AJH6, STM32U5A5AJH6Q, STM32U5A5QII3Q , STM32U5A5QJI6, STM32U5A5QJI6Q, STM32U5A5RJT6, STM32U5A5RJT6Q, STM32U5A5VJT6, STM32U5A5VJT6Q, STM32U5A5ZJT6, STM32U5A5ZJT6Q, STM32U5A5ZJY6QTR, STM32U5A9BJY6QTR, STM32U5A9J-DK, STM32U5A9NJH6Q, STM32U5A9VJT6Q, STM32U5A9ZJT6Q, STM32U5A9ZJY6QTR, STM32U5F7VIT6, STM32U5F7VIT6Q, STM32U5F7VJT6, STM32U5F7VJT6Q, STM32U5F9BJY6QTR, STM32U5F9NJH6Q, STM32U5F9VIT6Q, STM32U5F9VJT6Q, STM32U5F9ZIJ6QTR, STM32U5F9ZIT6Q, STM32U5F9ZJJ6QTR, STM32U5F9ZJT6Q, STM32U5G7VJT6, STM32U5G7VJT6Q, STM32U5G9BJY6QTR, STM32U5G9J-DK1, STM32U5G9J-DK2, STM32U5G9NJH6Q, STM32U5G9VJT6Q, STM32U5G9ZJJ6QTR, STM32U5G9ZJT6Q, STM32WB05KZV6TR, STM32WB05KZV7TR, STM32WB05TZF6TR, STM32WB05TZF7TR, STM32WB06CCF6TR, STM32WB06CCF7TR, STM32WB06CCV6TR, STM32WB06CCV7TR, STM32WB06KCV6TR, STM32WB06KCV7TR, STM32WB07CCF6TR, STM32WB07CCF7TR, STM32WB07CCV6TR, STM32WB07CCV7TR, STM32WB07KCV6TR, STM32WB07KCV7TR, STM32WB09KEV6TR, STM32WB09KEV7TR, STM32WB09TEF6TR, STM32WB09TEF7TR, STM32WB1MMCH6, STM32WBA50KGU6, STM32WBA50KGU6TR, STM32WBA52CEU6, STM32WBA52CEU6TR, STM32WBA52CEU7, STM32WBA52CEU7TR, STM32WBA52CGU6, STM32WBA52CGU6TR, STM32WBA52CGU6U, STM32WBA52CGU7, STM32WBA52CGU7TR, STM32WBA52KEU6, STM32WBA52KEU6TR, STM32WBA52KGU6, STM32WBA52KGU6TR, STM32WBA54CEU6, STM32WBA54CEU6TR, STM32WBA54CEU7, STM32WBA54CEU7TR, STM32WBA54CGU6, STM32WBA54CGU6TR, STM32WBA54CGU7, STM32WBA54CGU7TR, STM32WBA54KEU6, STM32WBA54KEU6TR, STM32WBA54KEU7, STM32WBA54KEU7TR, STM32WBA54KGU6, STM32WBA54KGU6TR, STM32WBA54KGU7, STM32WBA54KGU7TR, STM32WBA55CEU6, STM32WBA55CEU6TR, STM32WBA55CEU7, STM32WBA55CEU7TR, STM32WBA55CGU6, STM32WBA55CGU6TR, STM32WBA55CGU6U, STM32WBA55CGU7, STM32WBA55CGU7TR, STM32WBA55G-DK1, STM32WBA55HEF6, STM32WBA55HEF7, STM32WBA55HGF6, STM32WBA55HGF7, STM32WBA55UEI6, STM32WBA55UEI6TR, STM32WBA55UEI7, STM32WBA55UEI7TR, STM32WBA55UGI6, STM32WBA55UGI6TR, STM32WBA55UGI7, STM32WBA55UGI7TR, STM32WL5MOCH6, STM32WL5MOCH6TR]
2025-01-28 17:00:52,018 [INFO] BoardInfo:889 - No configuration file found for board NUCLEO-N657X0-Q
2025-01-28 17:00:52,019 [INFO] DbBoards:161 - Board is not supported: NUCLEO-N657X0-Q
2025-01-28 17:00:52,056 [INFO] BoardInfo:889 - No configuration file found for board P-NUCLEO-WB55
2025-01-28 17:00:52,058 [INFO] DbBoards:161 - Kit is not supported: P-NUCLEO-WB55
2025-01-28 17:00:52,065 [INFO] BoardInfo:889 - No configuration file found for board STEVAL-BFA001V1B
2025-01-28 17:00:52,066 [INFO] DbBoards:161 - Kit is not supported: STEVAL-BFA001V1B
2025-01-28 17:00:52,067 [INFO] BoardInfo:889 - No configuration file found for board STEVAL-BFA001V2B
2025-01-28 17:00:52,067 [INFO] DbBoards:161 - Kit is not supported: STEVAL-BFA001V2B
2025-01-28 17:00:52,325 [INFO] BoardInfo:889 - No configuration file found for board STM32N6570-DK
2025-01-28 17:00:52,326 [INFO] DbBoards:161 - Board is not supported: STM32N6570-DK
2025-01-28 17:00:52,350 [INFO] DbBoards:168 - Found 203 boards, 198 are supported
2025-01-28 17:00:52,350 [INFO] DbBoards:169 - Found 203 boards, 25 of them is supported for  Bsp
2025-01-28 17:00:52,352 [INFO] ApiDb:423 - Load user favorites file C:\Users\PEKER/.stm32cubeide/favorites.boards.txt: 0 item(s)
2025-01-28 17:00:52,352 [INFO] ApiDb:427 - User favorites Boards=[]
2025-01-28 17:00:52,352 [INFO] DbBoards:198 - Set 0 / 0 favorites Boards
2025-01-28 17:00:52,356 [INFO] ApiDb:668 - CubeFinder database Data Model version=2.1
2025-01-28 17:00:52,356 [INFO] ApiDb:669 - CubeFinder database Configuration version=3.0.39
2025-01-28 17:00:52,356 [INFO] ApiDb:670 - CubeFinder database generation date=2024-12-10 (1733817889)
2025-01-28 17:00:52,356 [INFO] ApiDb:671 - CubeFinder database FW Pack versions=[FP-ATR-ASTRA1_V2.0.0, FP-SNS-FLIGHT1_V5.0.2, FP-SNS-MOTENV1_V5.0.0, FP-SNS-MOTENVWB1_V1.4.0, FP-SNS-SMARTAG2_V1.2.0, FP-SNS-STBOX1_V2.0.0, STM32Cube_FW_C0_V1.3.0, STM32Cube_FW_F4_V1.28.1, STM32Cube_FW_F7_V1.17.2, STM32Cube_FW_G0_V1.6.2, STM32Cube_FW_G4_V1.6.1, STM32Cube_FW_H5_V1.4.0, STM32Cube_FW_H7RS_V1.1.0, STM32Cube_FW_H7_V1.12.0, STM32Cube_FW_L0_V1.12.2, STM32Cube_FW_L4_V1.18.1, STM32Cube_FW_L5_V1.5.1, STM32Cube_FW_N6_V1.0.0, STM32Cube_FW_U0_V1.2.0, STM32Cube_FW_U3_V1.0.0, STM32Cube_FW_U5_V1.7.0, STM32Cube_FW_WB0_V1.1.0, STM32Cube_FW_WBA_V1.5.0, STM32Cube_FW_WB_V1.21.0, STM32Cube_FW_WL3_V1.0.0, STM32Cube_FW_WL_V1.3.0, X-CUBE-ALGOBUILD_V1.4.0, X-CUBE-ALS_V1.0.2, X-CUBE-AZRTOS-F4_V1.1.0, X-CUBE-AZRTOS-F7_V1.1.0, X-CUBE-AZRTOS-G0_V1.1.0, X-CUBE-AZRTOS-G4_V2.0.0, X-CUBE-AZRTOS-H7RS_V1.0.0, X-CUBE-AZRTOS-H7_V3.3.0, X-CUBE-AZRTOS-L4_V2.0.0, X-CUBE-AZRTOS-L5_V2.0.0, X-CUBE-AZRTOS-WB_V2.0.0, X-CUBE-AZRTOS-WL_V2.0.0, X-CUBE-BLE1_V7.0.0, X-CUBE-BLE2_V3.3.0, X-CUBE-BLEMGR_V3.1.0, X-CUBE-EEPRMA1_V5.1.0, X-CUBE-FREERTOS_V1.2.0, X-CUBE-GNSS1_V6.0.0, X-CUBE-MEMS1_V11.0.0, X-CUBE-NFC4_V3.0.0, X-CUBE-NFC7_V1.0.1, X-CUBE-SFXS2LP1_V4.0.0, X-CUBE-SUBG2_V5.0.0, X-CUBE-TOF1_V3.4.2]
2025-01-28 17:00:53,439 [ERROR] DbExamplesSqlite:437 - Missing JSON key: board_cpn
2025-01-28 17:00:53,440 [ERROR] DbExamplesSqlite:437 - Missing JSON key: board_cpn
2025-01-28 17:00:53,440 [ERROR] DbExamplesSqlite:437 - Missing JSON key: board_cpn
2025-01-28 17:00:53,440 [ERROR] DbExamplesSqlite:437 - Missing JSON key: board_cpn
2025-01-28 17:00:53,735 [ERROR] DbExamplesSqlite:437 - Missing JSON key: board_cpn
2025-01-28 17:00:53,735 [ERROR] DbExamplesSqlite:437 - Missing JSON key: board_cpn
2025-01-28 17:00:53,735 [ERROR] DbExamplesSqlite:437 - Missing JSON key: board_cpn
2025-01-28 17:00:53,736 [ERROR] DbExamplesSqlite:437 - Missing JSON key: board_cpn
2025-01-28 17:00:53,736 [ERROR] DbExamplesSqlite:437 - Missing JSON key: board_cpn
2025-01-28 17:00:53,736 [ERROR] DbExamplesSqlite:437 - Missing JSON key: board_cpn
2025-01-28 17:00:53,738 [ERROR] DbExamplesSqlite:437 - Missing JSON key: board_cpn
2025-01-28 17:00:53,738 [ERROR] DbExamplesSqlite:437 - Missing JSON key: board_cpn
2025-01-28 17:00:53,738 [ERROR] DbExamplesSqlite:437 - Missing JSON key: board_cpn
2025-01-28 17:00:54,030 [INFO] DbExamplesSqlite:395 - Ignored 77 examples not supported by CubeIDE
2025-01-28 17:00:54,030 [INFO] DbExamplesSqlite:396 - Found 10474 examples active
2025-01-28 17:00:54,030 [INFO] DbExamplesSqlite:397 - Found 0 examples obsolete
2025-01-28 17:00:54,030 [INFO] DbExamplesSqlite:398 - Found 0 examples under development
2025-01-28 17:00:54,030 [INFO] DbExamplesSqlite:399 - Found 43 examples not building
2025-01-28 17:00:54,033 [INFO] DbExamples:125 - Found 10440 examples
2025-01-28 17:00:54,174 [ERROR] DbExamples:208 - Found 551 examples with invalid data (board or MCU)
2025-01-28 17:00:54,174 [INFO] DbExamples:222 - Found 126 boards with related examples
2025-01-28 17:00:54,176 [INFO] DbExamples:235 - Found 106 MCUs with related examples
2025-01-28 17:00:54,196 [INFO] ApiDb:414 - User favorites file not found: C:\Users\PEKER/.stm32cubeide/favorites.examples.txt
2025-01-28 17:00:54,196 [INFO] DbExamples:250 - Set 0 / 0 favorites Examples
2025-01-28 17:00:54,618 [INFO] McuFinderGlobals:76 - Set McuFinderConnectedMode to true
2025-01-28 17:00:54,632 [INFO] MultiScanPanel:200 - Auto-refresh data requested => check proxy status ongoing
2025-01-28 17:00:54,637 [INFO] FinderPluginLoader:95 - Searching for filters in installed packs
2025-01-28 17:00:56,856 [INFO] LoadUrlFilesThread:185 - End of LoadServerUrlFiles without Thread
2025-01-28 17:00:56,876 [INFO] DetailPanel:341 - Set advertising image to C:/Users/PEKER/STM32Cube/Repository/\en.prom-stm32n6-mcu-finder.png
2025-01-28 17:02:13,426 [INFO] MainUpdater:2873 - connection check result : 10
2025-01-28 17:02:13,426 [INFO] MainUpdater:2873 - connection check result : 10
2025-01-28 17:02:13,525 [INFO] RulesReader:64 - Compatibility file has been processed (297 Rules)
2025-01-28 17:02:13,551 [INFO] RulesReader:64 - Compatibility file has been processed (297 Rules)
2025-01-28 17:02:13,558 [INFO] MicroXplorer:468 - Change Database Path : 
2025-01-28 17:02:13,558 [INFO] MicroXplorer:498 - Change Database Version : DB.6.0.120
2025-01-28 17:02:13,567 [WARN] ThirdParty:871 - waiting for thirdparty lock release [close project]
2025-01-28 17:02:13,568 [INFO] ThirdParty:873 - entering critical section [close project]
2025-01-28 17:02:13,569 [INFO] ThirdParty:883 - exiting critical section [close project]
2025-01-28 17:02:13,572 [INFO] PinOutPanel:1561 - setPackage(No Configuration,No Configuration)
2025-01-28 17:02:13,577 [INFO] UtilMem:75 - Begin LoadConfig() Used Memory: 733246240 Bytes (1073741824)
2025-01-28 17:02:13,578 [INFO] MicroXplorer:468 - Change Database Path : 
2025-01-28 17:02:13,578 [INFO] MicroXplorer:498 - Change Database Version : DB.6.0.120
2025-01-28 17:02:13,579 [INFO] OpenFileManager:332 - Change cursor
2025-01-28 17:02:13,766 [INFO] Mcu:2032 - Initializing MCU STM32F103C8Tx STM32F103C8Tx STM32F103C8T6
2025-01-28 17:02:15,479 [INFO] Context:742 - Trying to add GPIOservice into a context  which must be forbidden
2025-01-28 17:02:15,960 [INFO] ImportTextPane:205 - (OptionalMessage_ERROR) Unable to find key (Mcu.ThirdPartyNb) in loaded IOC file
2025-01-28 17:02:15,960 [INFO] ImportTextPane:205 - (OptionalMessage_ERROR) Unable to find key (Mcu.PinsNb) in loaded IOC file
2025-01-28 17:02:15,960 [INFO] ImportTextPane:205 - (OptionalMessage_ERROR) Unable to find key (Mcu.IPNb) in loaded IOC file
2025-01-28 17:02:16,310 [INFO] RtosManager:555 - Registered RTOS mode: class=CMSIS, group=RTOS, mode=CMSIS_V1, owner=FREERTOS
2025-01-28 17:02:16,310 [INFO] RtosManager:555 - Registered RTOS mode: class=CMSIS, group=RTOS2, mode=CMSIS_V2, owner=FREERTOS
2025-01-28 17:02:16,310 [INFO] RtosManager:555 - Registered RTOS mode: class=RTOS, group=Core, mode=CMSIS_V1, owner=FREERTOS
2025-01-28 17:02:16,310 [INFO] RtosManager:555 - Registered RTOS mode: class=RTOS, group=Core, mode=CMSIS_V2, owner=FREERTOS
2025-01-28 17:02:16,311 [WARN] ModelIntegratedComponent:184 - Missing modes for component STMicroelectronics:FreeRTOS:0.0.1:STMicroelectronics:RTOS:FreeRTOS:Core:::10.2.0:
2025-01-28 17:02:16,333 [WARN] ModelIntegratedComponent:63 - No mode defined for component null
2025-01-28 17:02:16,334 [WARN] ModelIntegratedComponent:63 - No mode defined for component null
2025-01-28 17:02:16,334 [WARN] ModelIntegratedComponent:63 - No mode defined for component null
2025-01-28 17:02:16,334 [WARN] ModelIntegratedComponent:63 - No mode defined for component null
2025-01-28 17:02:16,334 [WARN] ModelIntegratedComponent:63 - No mode defined for component null
2025-01-28 17:02:16,334 [WARN] ModelIntegratedComponent:63 - No mode defined for component null
2025-01-28 17:02:16,334 [WARN] ModelIntegratedComponent:63 - No mode defined for component null
2025-01-28 17:02:16,334 [WARN] ModelIntegratedComponent:63 - No mode defined for component null
2025-01-28 17:02:16,334 [WARN] ModelIntegratedComponent:63 - No mode defined for component null
2025-01-28 17:02:16,334 [WARN] ModelIntegratedComponent:63 - No mode defined for component null
2025-01-28 17:02:16,334 [WARN] ModelIntegratedComponent:63 - No mode defined for component null
2025-01-28 17:02:16,334 [WARN] ModelIntegratedComponent:63 - No mode defined for component null
2025-01-28 17:02:16,334 [WARN] ModelIntegratedComponent:63 - No mode defined for component null
2025-01-28 17:02:16,334 [WARN] ModelIntegratedComponent:63 - No mode defined for component null
2025-01-28 17:02:16,334 [WARN] ModelIntegratedComponent:63 - No mode defined for component null
2025-01-28 17:02:16,334 [WARN] ModelIntegratedComponent:63 - No mode defined for component null
2025-01-28 17:02:16,334 [WARN] ModelIntegratedComponent:63 - No mode defined for component null
2025-01-28 17:02:16,334 [WARN] ModelIntegratedComponent:63 - No mode defined for component null
2025-01-28 17:02:16,334 [WARN] ModelIntegratedComponent:63 - No mode defined for component null
2025-01-28 17:02:16,334 [WARN] ModelIntegratedComponent:63 - No mode defined for component null
2025-01-28 17:02:16,335 [WARN] ModelIntegratedComponent:63 - No mode defined for component null
2025-01-28 17:02:16,335 [WARN] ModelIntegratedComponent:63 - No mode defined for component null
2025-01-28 17:02:16,335 [WARN] ModelIntegratedComponent:63 - No mode defined for component null
2025-01-28 17:02:16,335 [WARN] ModelIntegratedComponent:63 - No mode defined for component null
2025-01-28 17:02:16,335 [WARN] ModelIntegratedComponent:63 - No mode defined for component null
2025-01-28 17:02:16,335 [WARN] ModelIntegratedComponent:63 - No mode defined for component null
2025-01-28 17:02:16,336 [WARN] ModelIntegratedComponent:63 - No mode defined for component null
2025-01-28 17:02:16,336 [WARN] ModelIntegratedComponent:63 - No mode defined for component null
2025-01-28 17:02:16,336 [WARN] ModelIntegratedComponent:63 - No mode defined for component null
2025-01-28 17:02:16,336 [WARN] ModelIntegratedComponent:63 - No mode defined for component null
2025-01-28 17:02:16,336 [WARN] ModelIntegratedComponent:63 - No mode defined for component null
2025-01-28 17:02:16,338 [WARN] ModelIntegratedComponent:63 - No mode defined for component null
2025-01-28 17:02:16,338 [WARN] ModelIntegratedComponent:63 - No mode defined for component null
2025-01-28 17:02:16,338 [WARN] ModelIntegratedComponent:63 - No mode defined for component null
2025-01-28 17:02:16,338 [WARN] ModelIntegratedComponent:63 - No mode defined for component null
2025-01-28 17:02:16,339 [WARN] ModelPack:524 - Component already loaded: STMicroelectronics:HAL Drivers:0.0.0:STMicroelectronics:Device:STMicro_Driver:XSPI:HAL::0.0.1:HAL_XSPI
2025-01-28 17:02:16,507 [INFO] ThirdPartyModel:298 - Start build external matchings
2025-01-28 17:02:17,858 [INFO] ThirdPartyModel:316 - End build external matchings
2025-01-28 17:02:18,334 [INFO] UtilMem:75 - End LoadConfig() Used Memory: 857053760 Bytes (1073741824)
2025-01-28 17:02:18,427 [WARN] ThirdParty:833 - waiting for thirdparty lock release [change project]
2025-01-28 17:02:18,427 [INFO] ThirdParty:835 - entering critical section [change project]
2025-01-28 17:02:18,427 [INFO] ThirdParty:1030 - CMSIS Pack Vendor :STMicroelectronics USBPD 4.1
2025-01-28 17:02:18,427 [INFO] ThirdParty:1030 - CMSIS Pack Vendor :STMicroelectronics X-CUBE-AZRTOS-H7 3.3.0
2025-01-28 17:02:18,427 [INFO] ThirdParty:1030 - CMSIS Pack Vendor :STMicroelectronics X-CUBE-NFC9 1.0.0
2025-01-28 17:02:18,427 [INFO] ThirdParty:1030 - CMSIS Pack Vendor :STMicroelectronics USB_HOST 2.0.0
2025-01-28 17:02:18,427 [INFO] ThirdParty:1030 - CMSIS Pack Vendor :STMicroelectronics FP-SNS-MOTENVWB1 1.4.0
2025-01-28 17:02:18,427 [INFO] ThirdParty:1030 - CMSIS Pack Vendor :STMicroelectronics X-CUBE-AZRTOS-F4 1.1.0
2025-01-28 17:02:18,427 [INFO] ThirdParty:1030 - CMSIS Pack Vendor :STMicroelectronics LIBJPEG 8.0.0
2025-01-28 17:02:18,427 [INFO] ThirdParty:1030 - CMSIS Pack Vendor :STMicroelectronics FP-ATR-ASTRA1 2.0.1
2025-01-28 17:02:18,427 [INFO] ThirdParty:1030 - CMSIS Pack Vendor :STMicroelectronics X-CUBE-SMBUS 2.1.0
2025-01-28 17:02:18,428 [INFO] ThirdParty:1030 - CMSIS Pack Vendor :STMicroelectronics X-CUBE-WB05N 1.1.0
2025-01-28 17:02:18,428 [INFO] ThirdParty:1030 - CMSIS Pack Vendor :STMicroelectronics USB_DEVICE 3.0.0
2025-01-28 17:02:18,428 [INFO] ThirdParty:1030 - CMSIS Pack Vendor :STMicroelectronics X-CUBE-TCPP 4.1.0
2025-01-28 17:02:18,428 [INFO] ThirdParty:1030 - CMSIS Pack Vendor :STMicroelectronics X-CUBE-ISPU 2.1.0
2025-01-28 17:02:18,428 [INFO] ThirdParty:1030 - CMSIS Pack Vendor :STMicroelectronics X-CUBE-FREERTOS 1.2.0
2025-01-28 17:02:18,428 [INFO] ThirdParty:1030 - CMSIS Pack Vendor :STMicroelectronics X-CUBE-IPS 3.0.0
2025-01-28 17:02:18,428 [INFO] ThirdParty:1030 - CMSIS Pack Vendor :STMicroelectronics X-CUBE-AZRTOS-WB 2.0.0
2025-01-28 17:02:18,428 [INFO] ThirdParty:1030 - CMSIS Pack Vendor :STMicroelectronics X-CUBE-GNSS1 7.0.0
2025-01-28 17:02:18,428 [INFO] ThirdParty:1030 - CMSIS Pack Vendor :STMicroelectronics X-CUBE-GNSS1 7.0.1
2025-01-28 17:02:18,428 [INFO] ThirdParty:1030 - CMSIS Pack Vendor :STMicroelectronics X-CUBE-AZRTOS-F7 1.1.0
2025-01-28 17:02:18,428 [INFO] ThirdParty:1030 - CMSIS Pack Vendor :STMicroelectronics X-CUBE-AZRTOS-L5 2.0.0
2025-01-28 17:02:18,428 [INFO] ThirdParty:1030 - CMSIS Pack Vendor :STMicroelectronics USB_DEVICE 2.0.0
2025-01-28 17:02:18,428 [INFO] ThirdParty:1030 - CMSIS Pack Vendor :STMicroelectronics X-CUBE-NFC6 3.1.0
2025-01-28 17:02:18,428 [INFO] ThirdParty:1030 - CMSIS Pack Vendor :STMicroelectronics FP-SNS-STBOX1 2.0.0
2025-01-28 17:02:18,428 [INFO] ThirdParty:1030 - CMSIS Pack Vendor :STMicroelectronics X-CUBE-MEMS1 11.0.0
2025-01-28 17:02:18,428 [INFO] ThirdParty:1030 - CMSIS Pack Vendor :STMicroelectronics FreeRTOS 0.0.1
2025-01-28 17:02:18,428 [INFO] ThirdParty:1030 - CMSIS Pack Vendor :STMicroelectronics X-CUBE-AZRTOS-G0 1.1.0
2025-01-28 17:02:18,428 [INFO] ThirdParty:1030 - CMSIS Pack Vendor :STMicroelectronics X-CUBE-SAFEA1 1.2.2
2025-01-28 17:02:18,428 [INFO] ThirdParty:1030 - CMSIS Pack Vendor :STMicroelectronics X-CUBE-NFC4 3.0.0
2025-01-28 17:02:18,429 [INFO] ThirdParty:1030 - CMSIS Pack Vendor :STMicroelectronics X-CUBE-DPower 1.2.0
2025-01-28 17:02:18,429 [INFO] ThirdParty:1030 - CMSIS Pack Vendor :STMicroelectronics X-CUBE-SUBG2 5.0.0
2025-01-28 17:02:18,429 [INFO] ThirdParty:1030 - CMSIS Pack Vendor :STMicroelectronics STM32_WPAN 1.0.0
2025-01-28 17:02:18,429 [INFO] ThirdParty:1030 - CMSIS Pack Vendor :EmbeddedOffice I-CUBE-FS-RTOS 1.0.1
2025-01-28 17:02:18,429 [INFO] ThirdParty:1030 - CMSIS Pack Vendor :STMicroelectronics lwIP 2.0.3
2025-01-28 17:02:18,429 [INFO] ThirdParty:1030 - CMSIS Pack Vendor :STMicroelectronics FP-SNS-FLIGHT1 5.0.2
2025-01-28 17:02:18,429 [INFO] ThirdParty:1030 - CMSIS Pack Vendor :Cesanta I-CUBE-Mongoose 7.13.0
2025-01-28 17:02:18,429 [INFO] ThirdParty:1030 - CMSIS Pack Vendor :STMicroelectronics USB_HOST 1.0.0
2025-01-28 17:02:18,429 [INFO] ThirdParty:1030 - CMSIS Pack Vendor :STMicroelectronics X-CUBE-AI 9.0.0
2025-01-28 17:02:18,429 [INFO] ThirdParty:1030 - CMSIS Pack Vendor :STMicroelectronics X-CUBE-AZRTOS-G4 2.0.0
2025-01-28 17:02:18,429 [INFO] ThirdParty:1030 - CMSIS Pack Vendor :STMicroelectronics PDM2PCM 3.1.0
2025-01-28 17:02:18,429 [INFO] ThirdParty:1030 - CMSIS Pack Vendor :STMicroelectronics PDM2PCM 3.3.0
2025-01-28 17:02:18,429 [INFO] ThirdParty:1030 - CMSIS Pack Vendor :STMicroelectronics X-CUBE-DISPLAY 3.0.0
2025-01-28 17:02:18,429 [INFO] ThirdParty:1030 - CMSIS Pack Vendor :RealThread X-CUBE-RT-Thread_Nano 4.1.1
2025-01-28 17:02:18,429 [INFO] ThirdParty:1030 - CMSIS Pack Vendor :STMicroelectronics X-CUBE-BLE1 7.0.0
2025-01-28 17:02:18,429 [INFO] ThirdParty:1030 - CMSIS Pack Vendor :STMicroelectronics FP-ATR-SIGFOX1 3.2.0
2025-01-28 17:02:18,429 [INFO] ThirdParty:1030 - CMSIS Pack Vendor :STMicroelectronics X-CUBE-NFC10 1.0.0
2025-01-28 17:02:18,429 [INFO] ThirdParty:1030 - CMSIS Pack Vendor :wolfSSL I-CUBE-wolfSSL 5.7.2
2025-01-28 17:02:18,429 [INFO] ThirdParty:1030 - CMSIS Pack Vendor :quantropi X-CUBE-qispace-sdk-base 1.9.3
2025-01-28 17:02:18,429 [INFO] ThirdParty:1030 - CMSIS Pack Vendor :STMicroelectronics X-CUBE-ISPU 2.0.0
2025-01-28 17:02:18,429 [INFO] ThirdParty:1030 - CMSIS Pack Vendor :STMicroelectronics X-CUBE-BLEMGR 4.0.0
2025-01-28 17:02:18,430 [INFO] ThirdParty:1030 - CMSIS Pack Vendor :STMicroelectronics X-CUBE-EEPRMA1 5.1.0
2025-01-28 17:02:18,430 [INFO] ThirdParty:1030 - CMSIS Pack Vendor :STMicroelectronics HAL Drivers 0.0.0
2025-01-28 17:02:18,430 [INFO] ThirdParty:1030 - CMSIS Pack Vendor :STMicroelectronics MBEDTLS 2.16.2
2025-01-28 17:02:18,430 [INFO] ThirdParty:1030 - CMSIS Pack Vendor :STMicroelectronics X-CUBE-ALS 1.0.2
2025-01-28 17:02:18,430 [INFO] ThirdParty:1030 - CMSIS Pack Vendor :emotas I-CUBE-CANOPEN 1.3.0
2025-01-28 17:02:18,430 [INFO] ThirdParty:1030 - CMSIS Pack Vendor :STMicroelectronics X-CUBE-FREERTOS 1.3.0
2025-01-28 17:02:18,430 [INFO] ThirdParty:1030 - CMSIS Pack Vendor :STMicroelectronics X-CUBE-NFC7 1.0.1
2025-01-28 17:02:18,430 [INFO] ThirdParty:1030 - CMSIS Pack Vendor :STMicroelectronics MBEDTLS 2.14.1
2025-01-28 17:02:18,430 [INFO] ThirdParty:1030 - CMSIS Pack Vendor :STMicroelectronics X-CUBE-TOUCHGFX 4.24.0
2025-01-28 17:02:18,430 [INFO] ThirdParty:1030 - CMSIS Pack Vendor :ITTIA_DB I-CUBE-ITTIADB 8.9.0
2025-01-28 17:02:18,430 [INFO] ThirdParty:1030 - CMSIS Pack Vendor :STMicroelectronics X-CUBE-TOUCHGFX 4.24.2
2025-01-28 17:02:18,430 [INFO] ThirdParty:1030 - CMSIS Pack Vendor :STMicroelectronics X-CUBE-TOUCHGFX 4.24.1
2025-01-28 17:02:18,430 [INFO] ThirdParty:1030 - CMSIS Pack Vendor :wolfSSL I-CUBE-wolfTPM 3.4.0
2025-01-28 17:02:18,430 [INFO] ThirdParty:1030 - CMSIS Pack Vendor :portGmbH I-Cube-SoM-uGOAL 1.1.0
2025-01-28 17:02:18,430 [INFO] ThirdParty:1030 - CMSIS Pack Vendor :STMicroelectronics X-CUBE-BLEMGR 3.1.0
2025-01-28 17:02:18,430 [INFO] ThirdParty:1030 - CMSIS Pack Vendor :STMicroelectronics X-CUBE-AI 10.0.0
2025-01-28 17:02:18,430 [INFO] ThirdParty:1030 - CMSIS Pack Vendor :STMicroelectronics ThreadX 1.0.0
2025-01-28 17:02:18,430 [INFO] ThirdParty:1030 - CMSIS Pack Vendor :STMicroelectronics FP-SNS-SMARTAG2 1.2.0
2025-01-28 17:02:18,430 [INFO] ThirdParty:1030 - CMSIS Pack Vendor :STMicroelectronics X-CUBE-MEMS1 11.1.0
2025-01-28 17:02:18,431 [INFO] ThirdParty:1030 - CMSIS Pack Vendor :STMicroelectronics X-CUBE-AZRTOS-WL 2.0.0
2025-01-28 17:02:18,431 [INFO] ThirdParty:1030 - CMSIS Pack Vendor :SEGGER I-CUBE-embOS 1.3.1
2025-01-28 17:02:18,431 [INFO] ThirdParty:1030 - CMSIS Pack Vendor :STMicroelectronics X-CUBE-ALGOBUILD 1.4.0
2025-01-28 17:02:18,431 [INFO] ThirdParty:1030 - CMSIS Pack Vendor :STMicroelectronics FP-SNS-MOTENV1 5.0.0
2025-01-28 17:02:18,431 [INFO] ThirdParty:1030 - CMSIS Pack Vendor :STMicroelectronics USB_DEVICE 1.0.0
2025-01-28 17:02:18,431 [INFO] ThirdParty:1030 - CMSIS Pack Vendor :STMicroelectronics X-CUBE-AZRTOS-H7RS 1.0.0
2025-01-28 17:02:18,431 [INFO] ThirdParty:1030 - CMSIS Pack Vendor :wolfSSL I-CUBE-wolfMQTT 1.19.0
2025-01-28 17:02:18,431 [INFO] ThirdParty:1030 - CMSIS Pack Vendor :STMicroelectronics X-CUBE-AZRTOS-L4 2.0.0
2025-01-28 17:02:18,431 [INFO] ThirdParty:1030 - CMSIS Pack Vendor :STMicroelectronics ThreadX 0.0.2
2025-01-28 17:02:18,431 [INFO] ThirdParty:1030 - CMSIS Pack Vendor :WES I-CUBE-Cesium 1.3.0
2025-01-28 17:02:18,431 [INFO] ThirdParty:1030 - CMSIS Pack Vendor :STMicroelectronics FP-ATR-ASTRA1 2.0.0
2025-01-28 17:02:18,431 [INFO] ThirdParty:1030 - CMSIS Pack Vendor :STMicroelectronics lwIP 2.1.2
2025-01-28 17:02:18,431 [INFO] ThirdParty:1030 - CMSIS Pack Vendor :STMicroelectronics X-CUBE-SFXS2LP1 4.0.0
2025-01-28 17:02:18,431 [INFO] ThirdParty:1030 - CMSIS Pack Vendor :STMicroelectronics X-CUBE-BLE2 3.3.0
2025-01-28 17:02:18,431 [INFO] ThirdParty:1030 - CMSIS Pack Vendor :STMicroelectronics X-CUBE-TOF1 3.4.2
2025-01-28 17:02:18,431 [INFO] ThirdParty:1030 - CMSIS Pack Vendor :STMicroelectronics X-CUBE-AI 9.1.0
2025-01-28 17:02:18,431 [INFO] ThirdParty:1030 - CMSIS Pack Vendor :Infineon AIROC-Wi-Fi-Bluetooth-STM32 1.6.1
2025-01-28 17:02:18,431 [INFO] ThirdParty:1030 - CMSIS Pack Vendor :STMicroelectronics PDM2PCM 3.2.0
2025-01-28 17:02:18,431 [INFO] ThirdParty:1030 - CMSIS Pack Vendor :wolfSSL I-CUBE-wolfSSH 1.4.17
2025-01-28 17:02:18,432 [INFO] ThirdParty:841 - exiting critical section [change project]
2025-01-28 17:02:18,849 [INFO] PinOutPanel:1561 - setPackage(No Configuration,No Configuration)
2025-01-28 17:02:18,852 [INFO] PinOutPanel:1561 - setPackage(STM32F103C8Tx,LQFP48)
2025-01-28 17:02:19,589 [INFO] UtilMem:75 - Before build in PCC Used Memory: 675817072 Bytes (1073741824)
2025-01-28 17:02:20,800 [INFO] UtilMem:75 - After build in PCC Used Memory: 695196160 Bytes (1073741824)
2025-01-28 17:02:20,841 [INFO] IPUIPlugin:80 - create IPUIPlugin
2025-01-28 17:02:20,841 [INFO] IPUIPlugin:80 - create IPUIPlugin
2025-01-28 17:02:20,842 [INFO] IPUIPlugin:80 - create IPUIPlugin
2025-01-28 17:02:20,842 [INFO] IPUIPlugin:80 - create IPUIPlugin
2025-01-28 17:02:20,842 [INFO] IPUIPlugin:80 - create IPUIPlugin
2025-01-28 17:02:20,842 [INFO] IPUIPlugin:80 - create IPUIPlugin
2025-01-28 17:02:20,842 [INFO] IPUIPlugin:80 - create IPUIPlugin
2025-01-28 17:02:20,843 [INFO] IPUIPlugin:80 - create IPUIPlugin
2025-01-28 17:02:20,843 [INFO] IPUIPlugin:80 - create IPUIPlugin
2025-01-28 17:02:20,843 [INFO] IPUIPlugin:80 - create IPUIPlugin
2025-01-28 17:02:20,843 [INFO] IPUIPlugin:80 - create IPUIPlugin
2025-01-28 17:02:20,843 [INFO] IPUIPlugin:80 - create IPUIPlugin
2025-01-28 17:02:20,844 [INFO] IPUIPlugin:80 - create IPUIPlugin
2025-01-28 17:02:20,844 [INFO] IPUIPlugin:80 - create IPUIPlugin
2025-01-28 17:02:20,844 [INFO] IPUIPlugin:80 - create IPUIPlugin
2025-01-28 17:02:20,845 [INFO] IPUIPlugin:80 - create IPUIPlugin
2025-01-28 17:02:20,845 [INFO] IPUIPlugin:80 - create IPUIPlugin
2025-01-28 17:02:20,846 [INFO] IPUIPlugin:80 - create IPUIPlugin
2025-01-28 17:02:20,846 [INFO] IPUIPlugin:80 - create IPUIPlugin
2025-01-28 17:02:20,846 [INFO] IPUIPlugin:80 - create IPUIPlugin
2025-01-28 17:02:20,847 [INFO] IPUIPlugin:80 - create IPUIPlugin
2025-01-28 17:02:20,847 [INFO] IPUIPlugin:80 - create IPUIPlugin
2025-01-28 17:02:20,847 [INFO] IPUIPlugin:80 - create IPUIPlugin
2025-01-28 17:02:20,848 [INFO] IPUIPlugin:80 - create IPUIPlugin
2025-01-28 17:02:20,848 [INFO] IPUIPlugin:80 - create IPUIPlugin
2025-01-28 17:02:20,849 [INFO] IPUIPlugin:80 - create IPUIPlugin
2025-01-28 17:02:20,849 [INFO] IPUIPlugin:80 - create IPUIPlugin
2025-01-28 17:02:21,119 [INFO] CADModel:165 - CPN selected for project levelSTM32F103C8T6
2025-01-28 17:02:21,120 [INFO] CADModel:114 - Register for checkConnection events
2025-01-28 17:02:21,173 [INFO] OpenFileManager:363 - Restore cursor
2025-01-28 17:02:23,890 [INFO] UtilMem:75 - End SaveConfig() Used Memory: 773381088 Bytes (1073741824)
2025-01-28 17:02:23,980 [INFO] UtilMem:75 - End SaveConfig() Used Memory: 785900032 Bytes (1073741824)
2025-01-28 17:02:24,857 [INFO] BlockDiagram:2766 - set Specific Code input for plugin: NVIC
2025-01-28 17:02:24,857 [INFO] BlockDiagram:2766 - set Specific Code input for plugin: RCC
2025-01-28 17:02:24,859 [INFO] CodeGenerator:807 - code generatio: config db path: C:\ST\STM32CubeIDE_1.16.0\STM32CubeIDE\plugins\com.st.stm32cube.common.mx_6.12.0.202406281431\\db\
2025-01-28 17:02:25,305 [INFO] CodeEngine:255 - oldGeneratedFile, C:\Users\PEKER\Desktop\F407VG_REGISTER\F103_USART1_RX_TX\MXTmpFiles\license.tmp_save
2025-01-28 17:02:26,116 [INFO] CodeEngine:279 - Generated code: C:\Users\PEKER\Desktop\F407VG_REGISTER\F103_USART1_RX_TX\MXTmpFiles\license.tmp
2025-01-28 17:02:26,164 [INFO] CodeEngine:255 - oldGeneratedFile, C:\Users\PEKER\Desktop\F407VG_REGISTER\F103_USART1_RX_TX\Core\Src\stm32f1xx_it.c_save
2025-01-28 17:02:26,464 [INFO] CodeEngine:279 - Generated code: C:\Users\PEKER\Desktop\F407VG_REGISTER\F103_USART1_RX_TX\Core\Src\stm32f1xx_it.c
2025-01-28 17:02:26,483 [INFO] CodeEngine:255 - oldGeneratedFile, C:\Users\PEKER\Desktop\F407VG_REGISTER\F103_USART1_RX_TX\Core\Inc\stm32f1xx_it.h_save
2025-01-28 17:02:26,652 [INFO] CodeEngine:279 - Generated code: C:\Users\PEKER\Desktop\F407VG_REGISTER\F103_USART1_RX_TX\Core\Inc\stm32f1xx_it.h
2025-01-28 17:02:26,947 [INFO] CodeEngine:255 - oldGeneratedFile, C:\Users\PEKER\Desktop\F407VG_REGISTER\F103_USART1_RX_TX\Core\Src\stm32f1xx_hal_msp.c_save
2025-01-28 17:02:27,325 [INFO] CodeEngine:279 - Generated code: C:\Users\PEKER\Desktop\F407VG_REGISTER\F103_USART1_RX_TX\Core\Src\stm32f1xx_hal_msp.c
2025-01-28 17:02:27,349 [INFO] CodeEngine:255 - oldGeneratedFile, C:\Users\PEKER\Desktop\F407VG_REGISTER\F103_USART1_RX_TX\MXTmpFiles\system.tmp_save
2025-01-28 17:02:27,503 [INFO] CodeEngine:279 - Generated code: C:\Users\PEKER\Desktop\F407VG_REGISTER\F103_USART1_RX_TX\MXTmpFiles\system.tmp
2025-01-28 17:02:27,540 [INFO] CodeEngine:311 - oldGeneratedFile, C:\Users\PEKER\Desktop\F407VG_REGISTER\F103_USART1_RX_TX\Core\Inc\stm32f1xx_hal_conf.h_save
2025-01-28 17:02:27,744 [INFO] CodeEngine:335 - Generated code: C:\Users\PEKER\Desktop\F407VG_REGISTER\F103_USART1_RX_TX\Core\Inc\stm32f1xx_hal_conf.h
2025-01-28 17:02:27,860 [INFO] CodeEngine:255 - oldGeneratedFile, C:\Users\PEKER\Desktop\F407VG_REGISTER\F103_USART1_RX_TX\Core\Inc\main.h_save
2025-01-28 17:02:28,042 [INFO] CodeEngine:279 - Generated code: C:\Users\PEKER\Desktop\F407VG_REGISTER\F103_USART1_RX_TX\Core\Inc\main.h
2025-01-28 17:02:28,065 [INFO] CodeEngine:255 - oldGeneratedFile, C:\Users\PEKER\Desktop\F407VG_REGISTER\F103_USART1_RX_TX\Core\Src\main.c_save
2025-01-28 17:02:28,446 [INFO] CodeEngine:279 - Generated code: C:\Users\PEKER\Desktop\F407VG_REGISTER\F103_USART1_RX_TX\Core\Src\main.c
2025-01-28 17:02:29,026 [INFO] ProjectBuilder:3249 - Time for Copy HAL[1] : 231mS.
2025-01-28 17:02:29,036 [INFO] ProjectBuilder:4828 - Project Generator version: 4.4.0-B60
2025-01-28 17:02:29,162 [INFO] ConfigFileManager:1531 - The Die is : DIE410
2025-01-28 17:02:29,211 [INFO] ApiDbMcu:508 - Load IP Config File for FATFS
2025-01-28 17:02:29,301 [INFO] ApiDbMcu:508 - Load IP Config File for FREERTOS
2025-01-28 17:02:29,361 [INFO] ApiDbMcu:508 - Load IP Config File for USB_DEVICE
2025-01-28 17:02:30,559 [INFO] LogOutputStream:77 - [STDOUT_REDIRECT] 
2025-01-28 17:02:35,366 [INFO] ProjectBuilder:5097 - Time for Generating toolchain IDE Files: 6329mS.
2025-01-28 17:02:35,367 [INFO] ProjectBuilder:3107 - Time for Copy CMSIS : 1mS.
2025-01-28 17:02:35,370 [INFO] ProjectBuilder:3107 - Time for Copy CMSIS : 0mS.
2025-01-28 17:02:37,391 [INFO] McuFinderGlobals:76 - Set McuFinderConnectedMode to true
2025-01-28 17:02:37,397 [INFO] ApiDb:448 - Save user favorites file C:\Users\PEKER/.stm32cubeide/favorites.mcus.txt: 2 item(s)
2025-01-28 17:02:37,397 [INFO] ApiDb:452 - User favorites MCUs=[STM32F103C8T6, STM32F407VGT6]
2025-01-28 17:03:36,319 [INFO] UtilMem:75 - End SaveConfig() Used Memory: 671694856 Bytes (1073741824)
2025-01-28 17:03:39,330 [INFO] UtilMem:75 - End SaveConfig() Used Memory: 748128624 Bytes (1073741824)
2025-01-28 17:03:39,826 [INFO] BlockDiagram:2766 - set Specific Code input for plugin: NVIC
2025-01-28 17:03:39,826 [INFO] BlockDiagram:2766 - set Specific Code input for plugin: USART
2025-01-28 17:03:39,826 [INFO] BlockDiagram:2766 - set Specific Code input for plugin: SYS
2025-01-28 17:03:39,826 [INFO] BlockDiagram:2766 - set Specific Code input for plugin: GPIO
2025-01-28 17:03:39,826 [INFO] BlockDiagram:2766 - set Specific Code input for plugin: RCC
2025-01-28 17:03:39,829 [INFO] CodeGenerator:807 - code generatio: config db path: C:\ST\STM32CubeIDE_1.16.0\STM32CubeIDE\plugins\com.st.stm32cube.common.mx_6.12.0.202406281431\\db\
2025-01-28 17:03:39,993 [INFO] CodeEngine:255 - oldGeneratedFile, C:\Users\PEKER\Desktop\F407VG_REGISTER\F103_USART1_RX_TX\MXTmpFiles\license.tmp_save
2025-01-28 17:03:40,202 [INFO] CodeEngine:279 - Generated code: C:\Users\PEKER\Desktop\F407VG_REGISTER\F103_USART1_RX_TX\MXTmpFiles\license.tmp
2025-01-28 17:03:40,355 [INFO] CodeEngine:255 - oldGeneratedFile, C:\Users\PEKER\Desktop\F407VG_REGISTER\F103_USART1_RX_TX\MXTmpFiles\gpio.tmp_save
2025-01-28 17:03:40,591 [INFO] CodeEngine:279 - Generated code: C:\Users\PEKER\Desktop\F407VG_REGISTER\F103_USART1_RX_TX\MXTmpFiles\gpio.tmp
2025-01-28 17:03:40,747 [INFO] CodeEngine:255 - oldGeneratedFile, C:\Users\PEKER\Desktop\F407VG_REGISTER\F103_USART1_RX_TX\Core\Src\stm32f1xx_it.c_save
2025-01-28 17:03:40,999 [INFO] CodeEngine:279 - Generated code: C:\Users\PEKER\Desktop\F407VG_REGISTER\F103_USART1_RX_TX\Core\Src\stm32f1xx_it.c
2025-01-28 17:03:41,011 [INFO] CodeEngine:255 - oldGeneratedFile, C:\Users\PEKER\Desktop\F407VG_REGISTER\F103_USART1_RX_TX\Core\Inc\stm32f1xx_it.h_save
2025-01-28 17:03:41,189 [INFO] CodeEngine:279 - Generated code: C:\Users\PEKER\Desktop\F407VG_REGISTER\F103_USART1_RX_TX\Core\Inc\stm32f1xx_it.h
2025-01-28 17:03:41,245 [INFO] CodeEngine:255 - oldGeneratedFile, C:\Users\PEKER\Desktop\F407VG_REGISTER\F103_USART1_RX_TX\Core\Src\stm32f1xx_hal_msp.c_save
2025-01-28 17:03:41,511 [INFO] CodeEngine:279 - Generated code: C:\Users\PEKER\Desktop\F407VG_REGISTER\F103_USART1_RX_TX\Core\Src\stm32f1xx_hal_msp.c
2025-01-28 17:03:41,518 [INFO] CodeEngine:255 - oldGeneratedFile, C:\Users\PEKER\Desktop\F407VG_REGISTER\F103_USART1_RX_TX\MXTmpFiles\system.tmp_save
2025-01-28 17:03:41,609 [INFO] CodeEngine:279 - Generated code: C:\Users\PEKER\Desktop\F407VG_REGISTER\F103_USART1_RX_TX\MXTmpFiles\system.tmp
2025-01-28 17:03:41,642 [INFO] CodeEngine:311 - oldGeneratedFile, C:\Users\PEKER\Desktop\F407VG_REGISTER\F103_USART1_RX_TX\Core\Inc\stm32f1xx_hal_conf.h_save
2025-01-28 17:03:41,800 [INFO] CodeEngine:335 - Generated code: C:\Users\PEKER\Desktop\F407VG_REGISTER\F103_USART1_RX_TX\Core\Inc\stm32f1xx_hal_conf.h
2025-01-28 17:03:41,888 [INFO] CodeEngine:255 - oldGeneratedFile, C:\Users\PEKER\Desktop\F407VG_REGISTER\F103_USART1_RX_TX\Core\Inc\main.h_save
2025-01-28 17:03:42,011 [INFO] CodeEngine:279 - Generated code: C:\Users\PEKER\Desktop\F407VG_REGISTER\F103_USART1_RX_TX\Core\Inc\main.h
2025-01-28 17:03:42,033 [INFO] CodeEngine:255 - oldGeneratedFile, C:\Users\PEKER\Desktop\F407VG_REGISTER\F103_USART1_RX_TX\Core\Src\main.c_save
2025-01-28 17:03:42,201 [INFO] CodeEngine:279 - Generated code: C:\Users\PEKER\Desktop\F407VG_REGISTER\F103_USART1_RX_TX\Core\Src\main.c
2025-01-28 17:03:42,734 [INFO] ProjectBuilder:3249 - Time for Copy HAL[1] : 211mS.
2025-01-28 17:03:42,738 [INFO] ProjectBuilder:4828 - Project Generator version: 4.4.0-B60
2025-01-28 17:03:42,882 [INFO] ConfigFileManager:1531 - The Die is : DIE410
2025-01-28 17:03:44,978 [INFO] ProjectBuilder:5097 - Time for Generating toolchain IDE Files: 2240mS.
2025-01-28 17:03:44,979 [INFO] ProjectBuilder:3107 - Time for Copy CMSIS : 1mS.
2025-01-28 17:03:44,983 [INFO] ProjectBuilder:3107 - Time for Copy CMSIS : 0mS.
2025-01-28 18:46:06,322 [ERROR] LogOutputStream:75 - [STDERR_REDIRECT] 
