2025-01-22 14:08:47,168 [INFO] Activator:176 - 


2025-01-22 14:08:47,175 [INFO] Activator:177 - !SESSION log4j initialized
2025-01-22 14:08:54,860 [INFO] LogOutputStream:77 - [STDOUT_REDIRECT] 
2025-01-22 14:08:56,503 [INFO] ApplicationProperties:184 - Using Application install path: C:\ST\STM32CubeIDE_1.16.0\STM32CubeIDE\plugins\com.st.stm32cube.common.mx_6.12.0.202406281431
2025-01-22 14:08:56,522 [INFO] DbMcusXml:78 - Set database path to: C:\ST\STM32CubeIDE_1.16.0\STM32CubeIDE\plugins\com.st.stm32cube.common.mx_6.12.0.202406281431\\db\/mcu/
2025-01-22 14:08:56,523 [INFO] ApiDb:274 - Set plugin database path to: C:\ST\STM32CubeIDE_1.16.0\STM32CubeIDE\plugins\com.st.stm32cube.common.mx_6.12.0.202406281431\\db\/plugins/boardmanager/
2025-01-22 14:08:56,524 [WARN] ApiDb:259 - Overriding images path with different value:  => C:\ST\STM32CubeIDE_1.16.0\STM32CubeIDE\plugins\com.st.stm32cube.common.mx_6.12.0.202406281431\\db\/plugins/mcufinder/images/
2025-01-22 14:08:56,537 [INFO] ApiDb:250 - Set database path to: C:\Users\PEKER\.stmcufinder\plugins\mcufinder//mcu/
2025-01-22 14:08:56,538 [INFO] DbMcusAds:125 - Set database path to: C:\Users\PEKER\.stmcufinder\plugins\mcufinder//mcu/
2025-01-22 14:08:56,541 [INFO] CrossReferenceDbSqlite:203 - Set database path to: C:\Users\PEKER\.stmcufinder\plugins\mcufinder//mcu/cs/
2025-01-22 14:08:56,669 [INFO] RulesReader:64 - Compatibility file has been processed (297 Rules)
2025-01-22 14:08:56,770 [INFO] DbMcusXml:78 - Set database path to: C:\ST\STM32CubeIDE_1.16.0\STM32CubeIDE\plugins\com.st.stm32cube.common.mx_6.12.0.202406281431\\db\/mcu/
2025-01-22 14:08:56,770 [INFO] ApiDb:274 - Set plugin database path to: C:\ST\STM32CubeIDE_1.16.0\STM32CubeIDE\plugins\com.st.stm32cube.common.mx_6.12.0.202406281431\\db\/plugins/boardmanager/
2025-01-22 14:08:56,770 [INFO] ApiDb:261 - Set plugin images path to: C:\ST\STM32CubeIDE_1.16.0\STM32CubeIDE\plugins\com.st.stm32cube.common.mx_6.12.0.202406281431\\db\/plugins/mcufinder/images/
2025-01-22 14:08:56,770 [WARN] DbFile:41 - Overriding database path with different value: C:\Users\PEKER\.stmcufinder\plugins\mcufinder/ => C:\Users\PEKER\.stmcufinder\plugins\mcufinder
2025-01-22 14:08:56,770 [INFO] ApiDb:250 - Set database path to: C:\Users\PEKER\.stmcufinder\plugins\mcufinder//mcu/
2025-01-22 14:08:56,770 [WARN] DbFile:41 - Overriding database path with different value: C:\Users\PEKER\.stmcufinder\plugins\mcufinder/ => C:\Users\PEKER\.stmcufinder\plugins\mcufinder
2025-01-22 14:08:56,770 [INFO] DbMcusAds:125 - Set database path to: C:\Users\PEKER\.stmcufinder\plugins\mcufinder//mcu/
2025-01-22 14:08:56,771 [WARN] DbFile:41 - Overriding database path with different value: C:\Users\PEKER\.stmcufinder\plugins\mcufinder/ => C:\Users\PEKER\.stmcufinder\plugins\mcufinder
2025-01-22 14:08:56,771 [WARN] DbFile:41 - Overriding database path with different value: C:\Users\PEKER\.stmcufinder\plugins\mcufinder/ => C:\Users\PEKER\.stmcufinder\plugins\mcufinder
2025-01-22 14:08:56,771 [INFO] CrossReferenceDbSqlite:203 - Set database path to: C:\Users\PEKER\.stmcufinder\plugins\mcufinder//mcu/cs/
2025-01-22 14:08:56,862 [INFO] MainPanel:268 - HeapMemory: 268435456
2025-01-22 14:08:56,992 [INFO] DbMcusXml:78 - Set database path to: C:\ST\STM32CubeIDE_1.16.0\STM32CubeIDE\plugins\com.st.stm32cube.common.mx_6.12.0.202406281431\\db\/mcu/
2025-01-22 14:08:56,992 [INFO] ApiDb:274 - Set plugin database path to: C:\ST\STM32CubeIDE_1.16.0\STM32CubeIDE\plugins\com.st.stm32cube.common.mx_6.12.0.202406281431\\db\/plugins/boardmanager/
2025-01-22 14:08:56,992 [INFO] ApiDb:261 - Set plugin images path to: C:\ST\STM32CubeIDE_1.16.0\STM32CubeIDE\plugins\com.st.stm32cube.common.mx_6.12.0.202406281431\\db\/plugins/mcufinder/images/
2025-01-22 14:08:56,993 [WARN] DbFile:41 - Overriding database path with different value: C:\Users\PEKER\.stmcufinder\plugins\mcufinder/ => C:\Users\PEKER\.stmcufinder\plugins\mcufinder
2025-01-22 14:08:56,993 [INFO] ApiDb:250 - Set database path to: C:\Users\PEKER\.stmcufinder\plugins\mcufinder//mcu/
2025-01-22 14:08:56,993 [WARN] DbFile:41 - Overriding database path with different value: C:\Users\PEKER\.stmcufinder\plugins\mcufinder/ => C:\Users\PEKER\.stmcufinder\plugins\mcufinder
2025-01-22 14:08:56,993 [INFO] DbMcusAds:125 - Set database path to: C:\Users\PEKER\.stmcufinder\plugins\mcufinder//mcu/
2025-01-22 14:08:56,993 [WARN] DbFile:41 - Overriding database path with different value: C:\Users\PEKER\.stmcufinder\plugins\mcufinder/ => C:\Users\PEKER\.stmcufinder\plugins\mcufinder
2025-01-22 14:08:56,993 [WARN] DbFile:41 - Overriding database path with different value: C:\Users\PEKER\.stmcufinder\plugins\mcufinder/ => C:\Users\PEKER\.stmcufinder\plugins\mcufinder
2025-01-22 14:08:56,993 [INFO] CrossReferenceDbSqlite:203 - Set database path to: C:\Users\PEKER\.stmcufinder\plugins\mcufinder//mcu/cs/
2025-01-22 14:08:57,013 [INFO] ApplicationProperties:184 - Using Application install path: C:\ST\STM32CubeIDE_1.16.0\STM32CubeIDE\plugins\com.st.stm32cube.common.mx_6.12.0.202406281431
2025-01-22 14:08:57,015 [INFO] PluginManage:196 - Search for loadable plugins [exclusion list=, ]
2025-01-22 14:08:57,016 [INFO] PluginManage:310 - Check plugin analytics
2025-01-22 14:08:57,232 [INFO] AnalyticsPlugin:253 - Accepted Software Licenses: STM32CubeMX.6.13.0
2025-01-22 14:08:57,232 [INFO] AnalyticsPlugin:255 - Accepted CMSIS Pack Licenses: 
2025-01-22 14:08:57,232 [INFO] AnalyticsPlugin:257 - Accepted Firmware Licenses: FW.F4.1.28.0
2025-01-22 14:08:57,235 [INFO] PluginManage:359 - Loaded plugin analytics (category:tool,tabindex:-1)
2025-01-22 14:08:57,235 [INFO] PluginManage:310 - Check plugin cadmodel
2025-01-22 14:08:57,257 [INFO] CADModel:105 - Init CAD model plugin
2025-01-22 14:08:57,258 [INFO] PluginManage:359 - Loaded plugin cadmodel (category:power,tabindex:5)
2025-01-22 14:08:57,258 [INFO] PluginManage:310 - Check plugin clock
2025-01-22 14:08:57,285 [INFO] PluginManage:359 - Loaded plugin clock (category:base,tabindex:2)
2025-01-22 14:08:57,286 [INFO] PluginManage:310 - Check plugin ddr
2025-01-22 14:08:57,288 [INFO] PluginManage:359 - Loaded plugin ddr (category:tool,tabindex:6)
2025-01-22 14:08:57,288 [INFO] PluginManage:310 - Check plugin filemanager
2025-01-22 14:08:57,454 [INFO] PluginManage:359 - Loaded plugin filemanager (category:base,tabindex:10)
2025-01-22 14:08:57,454 [INFO] PluginManage:310 - Check plugin ipmanager
2025-01-22 14:08:57,462 [INFO] PluginManage:359 - Loaded plugin ipmanager (category:base,tabindex:5)
2025-01-22 14:08:57,462 [INFO] PluginManage:310 - Check plugin lpbam
2025-01-22 14:08:57,482 [INFO] PluginManage:359 - Loaded plugin lpbam (category:base,tabindex:0)
2025-01-22 14:08:57,482 [INFO] PluginManage:310 - Check plugin memorymap
2025-01-22 14:08:57,508 [INFO] PluginManage:359 - Loaded plugin memorymap (category:base,tabindex:4)
2025-01-22 14:08:57,508 [INFO] PluginManage:310 - Check plugin pinoutandconfiguration
2025-01-22 14:08:57,527 [INFO] PluginManage:359 - Loaded plugin pinoutandconfiguration (category:base,tabindex:1)
2025-01-22 14:08:57,527 [INFO] PluginManage:310 - Check plugin pinoutconfig
2025-01-22 14:08:57,633 [WARN] SupportedApi:132 - Cannot load RTOS API schema: s4s-elt-must-match.1: The content of 'definitions' must match (annotation?, (simpleType | complexType)?, (unique | key | keyref)*)). A problem was found starting at: attribute.
2025-01-22 14:08:57,800 [INFO] PluginManage:359 - Loaded plugin pinoutconfig (category:base,tabindex:0)
2025-01-22 14:08:57,802 [INFO] PluginManage:310 - Check plugin power
2025-01-22 14:08:57,825 [INFO] PluginManage:359 - Loaded plugin power (category:power,tabindex:4)
2025-01-22 14:08:57,827 [INFO] PluginManage:310 - Check plugin projectmanager
2025-01-22 14:08:57,845 [INFO] PluginManage:359 - Loaded plugin projectmanager (category:projectmanager,tabindex:4)
2025-01-22 14:08:57,845 [INFO] PluginManage:310 - Check plugin rif
2025-01-22 14:08:57,869 [INFO] PluginManage:359 - Loaded plugin rif (category:base,tabindex:3)
2025-01-22 14:08:57,870 [INFO] PluginManage:310 - Check plugin thirdparty
2025-01-22 14:08:58,199 [WARN] IntegrityCheckThread:84 - waiting for thirdparty lock release [integrity check]
2025-01-22 14:08:58,199 [INFO] PluginManage:359 - Loaded plugin thirdparty (category:base,tabindex:-1)
2025-01-22 14:08:58,199 [INFO] IntegrityCheckThread:86 - entering critical section [integrity check]
2025-01-22 14:08:58,199 [INFO] PluginManage:310 - Check plugin tools
2025-01-22 14:08:58,200 [INFO] ThirdPartyUpdaterWithRetryManager:70 - Updater plugin not ready yet. [1/15]
2025-01-22 14:08:58,245 [INFO] PluginManage:359 - Loaded plugin tools (category:base,tabindex:7)
2025-01-22 14:08:58,245 [INFO] PluginManage:310 - Check plugin tutovideos
2025-01-22 14:08:58,455 [INFO] PluginManage:359 - Loaded plugin tutovideos (category:base,tabindex:-1)
2025-01-22 14:08:58,455 [INFO] PluginManage:310 - Check plugin updater
2025-01-22 14:08:58,475 [INFO] PluginManage:359 - Loaded plugin updater (category:base,tabindex:12)
2025-01-22 14:08:58,475 [INFO] PluginManage:310 - Check plugin userauth
2025-01-22 14:08:58,482 [INFO] UserAuth:113 - Init User Auth plugin
2025-01-22 14:08:58,482 [INFO] PluginManage:359 - Loaded plugin userauth (category:base,tabindex:14)
2025-01-22 14:08:58,482 [INFO] PluginManage:283 - PluginManage : Loaded plugins [18]
2025-01-22 14:08:58,719 [INFO] PinOutPanel:1561 - setPackage(No Configuration,No Configuration)
2025-01-22 14:08:58,806 [INFO] CADModel:165 - CPN selected for project level
2025-01-22 14:08:58,806 [INFO] CADModel:114 - Register for checkConnection events
2025-01-22 14:08:58,834 [INFO] IPUIPlugin:80 - create IPUIPlugin
2025-01-22 14:08:58,834 [INFO] PluginManager:220 - loadIPPluginJar : add adc
2025-01-22 14:08:58,875 [INFO] IPUIPlugin:80 - create IPUIPlugin
2025-01-22 14:08:58,875 [INFO] PluginManager:220 - loadIPPluginJar : add aes
2025-01-22 14:08:58,919 [INFO] IPUIPlugin:80 - create IPUIPlugin
2025-01-22 14:08:58,919 [INFO] PluginManager:220 - loadIPPluginJar : add can
2025-01-22 14:08:58,945 [INFO] IPUIPlugin:80 - create IPUIPlugin
2025-01-22 14:08:58,945 [INFO] PluginManager:220 - loadIPPluginJar : add comp
2025-01-22 14:08:58,981 [INFO] IPUIPlugin:80 - create IPUIPlugin
2025-01-22 14:08:58,981 [INFO] PluginManager:220 - loadIPPluginJar : add cryp
2025-01-22 14:08:58,994 [INFO] IPUIPlugin:80 - create IPUIPlugin
2025-01-22 14:08:58,995 [INFO] PluginManager:220 - loadIPPluginJar : add ddr_ctrl_phy
2025-01-22 14:08:59,024 [INFO] IPUIPlugin:80 - create IPUIPlugin
2025-01-22 14:08:59,024 [INFO] PluginManager:220 - loadIPPluginJar : add dfsdm
2025-01-22 14:08:59,039 [INFO] IPUIPlugin:80 - create IPUIPlugin
2025-01-22 14:08:59,040 [INFO] PluginManager:220 - loadIPPluginJar : add dma
2025-01-22 14:08:59,086 [INFO] IPUIPlugin:80 - create IPUIPlugin
2025-01-22 14:08:59,086 [INFO] PluginManager:220 - loadIPPluginJar : add dma3
2025-01-22 14:08:59,135 [INFO] IPUIPlugin:80 - create IPUIPlugin
2025-01-22 14:08:59,135 [INFO] PluginManager:220 - loadIPPluginJar : add extmemmanager
2025-01-22 14:08:59,157 [INFO] IPUIPlugin:80 - create IPUIPlugin
2025-01-22 14:08:59,157 [INFO] PluginManager:220 - loadIPPluginJar : add fatfs
2025-01-22 14:08:59,206 [INFO] IPUIPlugin:80 - create IPUIPlugin
2025-01-22 14:08:59,206 [INFO] PluginManager:220 - loadIPPluginJar : add fmc
2025-01-22 14:08:59,221 [INFO] IPUIPlugin:80 - create IPUIPlugin
2025-01-22 14:08:59,221 [INFO] PluginManager:220 - loadIPPluginJar : add freertos
2025-01-22 14:08:59,243 [INFO] IPUIPlugin:80 - create IPUIPlugin
2025-01-22 14:08:59,243 [INFO] PluginManager:220 - loadIPPluginJar : add genericplugin
2025-01-22 14:08:59,340 [INFO] IPUIPlugin:80 - create IPUIPlugin
2025-01-22 14:08:59,340 [INFO] PluginManager:220 - loadIPPluginJar : add gfxmmu
2025-01-22 14:08:59,487 [INFO] IPUIPlugin:80 - create IPUIPlugin
2025-01-22 14:08:59,487 [INFO] PluginManager:220 - loadIPPluginJar : add gic
2025-01-22 14:08:59,501 [INFO] IPUIPlugin:80 - create IPUIPlugin
2025-01-22 14:08:59,501 [INFO] PluginManager:220 - loadIPPluginJar : add gpio
2025-01-22 14:08:59,598 [INFO] IPUIPlugin:80 - create IPUIPlugin
2025-01-22 14:08:59,598 [INFO] PluginManager:220 - loadIPPluginJar : add gtzc
2025-01-22 14:08:59,634 [INFO] IPUIPlugin:80 - create IPUIPlugin
2025-01-22 14:08:59,634 [INFO] PluginManager:220 - loadIPPluginJar : add hash
2025-01-22 14:08:59,693 [INFO] IPUIPlugin:80 - create IPUIPlugin
2025-01-22 14:08:59,693 [INFO] PluginManager:220 - loadIPPluginJar : add i2c
2025-01-22 14:08:59,734 [INFO] IPUIPlugin:80 - create IPUIPlugin
2025-01-22 14:08:59,734 [INFO] PluginManager:220 - loadIPPluginJar : add i2s
2025-01-22 14:08:59,777 [INFO] IPUIPlugin:80 - create IPUIPlugin
2025-01-22 14:08:59,777 [INFO] PluginManager:220 - loadIPPluginJar : add i3c
2025-01-22 14:08:59,887 [INFO] IPUIPlugin:80 - create IPUIPlugin
2025-01-22 14:08:59,887 [INFO] PluginManager:220 - loadIPPluginJar : add ipddr
2025-01-22 14:08:59,987 [INFO] IPUIPlugin:80 - create IPUIPlugin
2025-01-22 14:08:59,987 [INFO] PluginManager:220 - loadIPPluginJar : add linkedlist
2025-01-22 14:09:00,027 [INFO] IPUIPlugin:80 - create IPUIPlugin
2025-01-22 14:09:00,028 [INFO] PluginManager:220 - loadIPPluginJar : add lorawan
2025-01-22 14:09:00,068 [INFO] IPUIPlugin:80 - create IPUIPlugin
2025-01-22 14:09:00,068 [INFO] PluginManager:220 - loadIPPluginJar : add ltdc
2025-01-22 14:09:00,086 [INFO] IPUIPlugin:80 - create IPUIPlugin
2025-01-22 14:09:00,086 [INFO] PluginManager:220 - loadIPPluginJar : add mdma
2025-01-22 14:09:00,100 [INFO] IPUIPlugin:80 - create IPUIPlugin
2025-01-22 14:09:00,100 [INFO] PluginManager:220 - loadIPPluginJar : add nvic
2025-01-22 14:09:00,144 [INFO] IPUIPlugin:80 - create IPUIPlugin
2025-01-22 14:09:00,144 [INFO] PluginManager:220 - loadIPPluginJar : add opamp
2025-01-22 14:09:00,233 [INFO] IPUIPlugin:80 - create IPUIPlugin
2025-01-22 14:09:00,234 [INFO] PluginManager:220 - loadIPPluginJar : add openamp
2025-01-22 14:09:00,297 [INFO] IPUIPlugin:80 - create IPUIPlugin
2025-01-22 14:09:00,297 [INFO] PluginManager:220 - loadIPPluginJar : add pdm2pcm
2025-01-22 14:09:00,317 [INFO] IPUIPlugin:80 - create IPUIPlugin
2025-01-22 14:09:00,319 [INFO] PluginManager:220 - loadIPPluginJar : add plateformsettings
2025-01-22 14:09:00,354 [INFO] IPUIPlugin:80 - create IPUIPlugin
2025-01-22 14:09:00,354 [INFO] PluginManager:220 - loadIPPluginJar : add quadspi
2025-01-22 14:09:00,397 [INFO] IPUIPlugin:80 - create IPUIPlugin
2025-01-22 14:09:00,397 [INFO] PluginManager:220 - loadIPPluginJar : add radio
2025-01-22 14:09:00,416 [INFO] IPUIPlugin:80 - create IPUIPlugin
2025-01-22 14:09:00,416 [INFO] PluginManager:220 - loadIPPluginJar : add resmgrutility
2025-01-22 14:09:00,483 [INFO] IPUIPlugin:80 - create IPUIPlugin
2025-01-22 14:09:00,483 [INFO] PluginManager:220 - loadIPPluginJar : add sai
2025-01-22 14:09:00,536 [INFO] IPUIPlugin:80 - create IPUIPlugin
2025-01-22 14:09:00,536 [INFO] PluginManager:220 - loadIPPluginJar : add spi
2025-01-22 14:09:00,631 [INFO] IPUIPlugin:80 - create IPUIPlugin
2025-01-22 14:09:00,631 [INFO] PluginManager:220 - loadIPPluginJar : add stm32_wpan
2025-01-22 14:09:00,665 [INFO] IPUIPlugin:80 - create IPUIPlugin
2025-01-22 14:09:00,665 [INFO] PluginManager:220 - loadIPPluginJar : add tim
2025-01-22 14:09:00,749 [INFO] IPUIPlugin:80 - create IPUIPlugin
2025-01-22 14:09:00,749 [INFO] PluginManager:220 - loadIPPluginJar : add touchsensing
2025-01-22 14:09:00,780 [INFO] IPUIPlugin:80 - create IPUIPlugin
2025-01-22 14:09:00,780 [INFO] PluginManager:220 - loadIPPluginJar : add tracer_emb
2025-01-22 14:09:00,813 [INFO] IPUIPlugin:80 - create IPUIPlugin
2025-01-22 14:09:00,813 [INFO] PluginManager:220 - loadIPPluginJar : add ts
2025-01-22 14:09:00,845 [INFO] IPUIPlugin:80 - create IPUIPlugin
2025-01-22 14:09:00,846 [INFO] PluginManager:220 - loadIPPluginJar : add tsc
2025-01-22 14:09:00,881 [INFO] IPUIPlugin:80 - create IPUIPlugin
2025-01-22 14:09:00,881 [INFO] PluginManager:220 - loadIPPluginJar : add ucpd
2025-01-22 14:09:00,940 [INFO] IPUIPlugin:80 - create IPUIPlugin
2025-01-22 14:09:00,940 [INFO] PluginManager:220 - loadIPPluginJar : add usart
2025-01-22 14:09:00,998 [INFO] IPUIPlugin:80 - create IPUIPlugin
2025-01-22 14:09:00,998 [INFO] PluginManager:220 - loadIPPluginJar : add usbx
2025-01-22 14:09:01,135 [INFO] CADModel:165 - CPN selected for project level
2025-01-22 14:09:01,135 [INFO] CADModel:114 - Register for checkConnection events
2025-01-22 14:09:01,135 [FATAL] Updater:334 - Updater called before beeing initialized
2025-01-22 14:09:01,135 [ERROR] CADModel:125 - Updater not yet initialized, retry later 
2025-01-22 14:09:01,201 [INFO] ThirdPartyUpdaterWithRetryManager:70 - Updater plugin not ready yet. [2/15]
2025-01-22 14:09:01,282 [INFO] CADModel:165 - CPN selected for project level
2025-01-22 14:09:01,282 [INFO] CADModel:114 - Register for checkConnection events
2025-01-22 14:09:01,282 [FATAL] Updater:334 - Updater called before beeing initialized
2025-01-22 14:09:01,282 [ERROR] CADModel:125 - Updater not yet initialized, retry later 
2025-01-22 14:09:01,286 [FATAL] Updater:334 - Updater called before beeing initialized
2025-01-22 14:09:01,378 [FATAL] Updater:334 - Updater called before beeing initialized
2025-01-22 14:09:01,390 [INFO] DbMcusAds:53 - JSON generation date=Tue Dec 17 19:01:15 TRT 2024 (1734451275143)
2025-01-22 14:09:01,391 [FATAL] Updater:334 - Updater called before beeing initialized
2025-01-22 14:09:01,432 [WARN] DetailPanel:346 - Failed to get advertising image, set to default
2025-01-22 14:09:01,512 [FATAL] Updater:334 - Updater called before beeing initialized
2025-01-22 14:09:01,515 [FATAL] Updater:334 - Updater called before beeing initialized
2025-01-22 14:09:01,515 [FATAL] Updater:334 - Updater called before beeing initialized
2025-01-22 14:09:01,515 [WARN] DetailPanel:346 - Failed to get advertising image, set to default
2025-01-22 14:09:01,516 [FATAL] Updater:334 - Updater called before beeing initialized
2025-01-22 14:09:01,581 [ERROR] Updater:1164 - MainUpdater not yet initialized. External WinMGr cannot be set.
2025-01-22 14:09:01,593 [INFO] Updater:1100 - Updater Version found : 6.12.0
2025-01-22 14:09:01,616 [INFO] ApplicationProperties:184 - Using Application install path: C:\ST\STM32CubeIDE_1.16.0\STM32CubeIDE\plugins\com.st.stm32cube.common.mx_6.12.0.202406281431
2025-01-22 14:09:03,199 [ERROR] LogOutputStream:75 - [STDERR_REDIRECT] Jan 22, 2025 2:09:03 PM java.util.prefs.WindowsPreferences <init>
2025-01-22 14:09:03,201 [ERROR] LogOutputStream:75 - [STDERR_REDIRECT] WARNING: Could not open/create prefs root node Software\JavaSoft\Prefs at root 0xffffffff80000002. Windows RegCreateKeyEx(...) returned error code 5.
2025-01-22 14:09:03,202 [ERROR] LogOutputStream:75 - [STDERR_REDIRECT] 
2025-01-22 14:09:03,635 [INFO] MainUpdater:2873 - connection check result : 10
2025-01-22 14:09:03,635 [INFO] MainUpdater:290 - Updater Check For Update Now.
2025-01-22 14:09:03,635 [INFO] MicroXplorer:498 - Change Database Version : DB.6.0.120
2025-01-22 14:09:03,656 [INFO] McuFinderGlobals:63 - Set McuFinder mode to 2 (CubeIDE integrated)
2025-01-22 14:09:03,665 [INFO] UserAuth:417 - Internet connection configuration mode: 1
2025-01-22 14:09:03,704 [INFO] JxBrowserEngine:152 - Initiate JxBrowser Engine with user profile folder
2025-01-22 14:09:03,922 [INFO] CheckServerUpdateThread:120 - End of CheckServer Thread
2025-01-22 14:09:04,430 [WARN] PackLoader:240 - Cannot read IP mode file for STMicroelectronics.FP-SNS-MOTENVWB1.1.4.0
2025-01-22 14:09:04,450 [WARN] PackLoader:240 - Cannot read IP mode file for STMicroelectronics.FP-ATR-ASTRA1.2.0.1
2025-01-22 14:09:04,470 [WARN] PackLoader:240 - Cannot read IP mode file for STMicroelectronics.X-CUBE-SMBUS.2.1.0
2025-01-22 14:09:04,491 [WARN] PackLoader:240 - Cannot read IP mode file for STMicroelectronics.X-CUBE-WB05N.1.1.0
2025-01-22 14:09:04,552 [WARN] PackLoader:240 - Cannot read IP mode file for STMicroelectronics.X-CUBE-AZRTOS-F7.1.1.0
2025-01-22 14:09:04,660 [WARN] PackLoader:240 - Cannot read IP mode file for STMicroelectronics.X-CUBE-MEMS1.11.0.0
2025-01-22 14:09:04,824 [WARN] PackLoader:240 - Cannot read IP mode file for STMicroelectronics.FP-SNS-FLIGHT1.5.0.2
2025-01-22 14:09:04,843 [WARN] PackLoader:240 - Cannot read IP mode file for STMicroelectronics.X-CUBE-DISPLAY.3.0.0
2025-01-22 14:09:04,877 [WARN] PackLoader:240 - Cannot read IP mode file for STMicroelectronics.X-CUBE-BLE1.7.0.0
2025-01-22 14:09:04,895 [WARN] PackLoader:240 - Cannot read IP mode file for STMicroelectronics.X-CUBE-NFC10.1.0.0
2025-01-22 14:09:04,918 [WARN] PackLoader:240 - Cannot read IP mode file for STMicroelectronics.X-CUBE-BLEMGR.4.0.0
2025-01-22 14:09:04,940 [WARN] PackLoader:240 - Cannot read IP mode file for emotas.I-CUBE-CANOPEN.1.3.0
2025-01-22 14:09:04,959 [WARN] PackLoader:240 - Cannot read IP mode file for STMicroelectronics.X-CUBE-BLEMGR.3.1.0
2025-01-22 14:09:04,978 [WARN] PackLoader:240 - Cannot read IP mode file for STMicroelectronics.FP-SNS-SMARTAG2.1.2.0
2025-01-22 14:09:05,078 [WARN] PackLoader:240 - Cannot read IP mode file for STMicroelectronics.X-CUBE-MEMS1.11.1.0
2025-01-22 14:09:05,289 [INFO] LogOutputStream:77 - [STDOUT_REDIRECT] 1 : Invalid condition id : UX_CORESTACK_Condition cause : null
2025-01-22 14:09:05,290 [INFO] LogOutputStream:77 - [STDOUT_REDIRECT] 1 : Invalid condition id : UX_CORESTACK_Condition cause : null
2025-01-22 14:09:05,293 [INFO] LogOutputStream:77 - [STDOUT_REDIRECT] 1 : Invalid condition id : UX_CORESTACK_Condition cause : null
2025-01-22 14:09:05,295 [INFO] LogOutputStream:77 - [STDOUT_REDIRECT] 1 : Invalid condition id : UX_CORESTACK_Condition cause : null
2025-01-22 14:09:05,298 [INFO] LogOutputStream:77 - [STDOUT_REDIRECT] 1 : Invalid condition id : UX_CORESTACK_Condition cause : null
2025-01-22 14:09:05,303 [WARN] PackLoader:240 - Cannot read IP mode file for STMicroelectronics.X-CUBE-AZRTOS-WL.2.0.0
2025-01-22 14:09:05,330 [WARN] PackLoader:240 - Cannot read IP mode file for STMicroelectronics.FP-SNS-MOTENV1.5.0.0
2025-01-22 14:09:05,352 [WARN] PackLoader:240 - Cannot read IP mode file for wolfSSL.I-CUBE-wolfMQTT.1.19.0
2025-01-22 14:09:05,382 [WARN] PackLoader:240 - Cannot read IP mode file for WES.I-CUBE-Cesium.1.3.0
2025-01-22 14:09:05,408 [WARN] PackLoader:240 - Cannot read IP mode file for STMicroelectronics.X-CUBE-BLE2.3.3.0
2025-01-22 14:09:05,437 [WARN] PackLoader:240 - Cannot read IP mode file for STMicroelectronics.X-CUBE-NFC9.1.0.0
2025-01-22 14:09:05,463 [WARN] PackLoader:240 - Cannot read IP mode file for STMicroelectronics.X-CUBE-TCPP.4.1.0
2025-01-22 14:09:05,511 [WARN] PackLoader:240 - Cannot read IP mode file for STMicroelectronics.X-CUBE-AZRTOS-G0.1.1.0
2025-01-22 14:09:05,536 [WARN] PackLoader:240 - Cannot read IP mode file for STMicroelectronics.X-CUBE-SAFEA1.1.2.2
2025-01-22 14:09:05,556 [WARN] PackLoader:240 - Cannot read IP mode file for STMicroelectronics.X-CUBE-NFC4.3.0.0
2025-01-22 14:09:05,588 [WARN] PackLoader:240 - Cannot read IP mode file for EmbeddedOffice.I-CUBE-FS-RTOS.1.0.1
2025-01-22 14:09:05,588 [ERROR] ConditionMgr:805 - Attr not supported : Dmpu
2025-01-22 14:09:05,588 [ERROR] ConditionMgr:805 - Attr not supported : Dmpu
2025-01-22 14:09:05,588 [ERROR] ConditionMgr:805 - Attr not supported : Dmpu
2025-01-22 14:09:05,588 [ERROR] ConditionMgr:805 - Attr not supported : Dmpu
2025-01-22 14:09:05,588 [ERROR] ConditionMgr:805 - Attr not supported : Dmpu
2025-01-22 14:09:05,588 [ERROR] ConditionMgr:805 - Attr not supported : Dmpu
2025-01-22 14:09:05,588 [ERROR] ConditionMgr:805 - Attr not supported : Dmpu
2025-01-22 14:09:05,588 [ERROR] ConditionMgr:805 - Attr not supported : Dmpu
2025-01-22 14:09:05,589 [ERROR] ConditionMgr:805 - Attr not supported : Dmpu
2025-01-22 14:09:05,589 [ERROR] ConditionMgr:805 - Attr not supported : Dmpu
2025-01-22 14:09:05,589 [ERROR] ConditionMgr:805 - Attr not supported : Dmpu
2025-01-22 14:09:05,589 [ERROR] ConditionMgr:805 - Attr not supported : Dmpu
2025-01-22 14:09:05,589 [ERROR] ConditionMgr:805 - Attr not supported : Dmpu
2025-01-22 14:09:05,589 [ERROR] ConditionMgr:805 - Attr not supported : Dmpu
2025-01-22 14:09:05,589 [ERROR] ConditionMgr:805 - Attr not supported : Dmpu
2025-01-22 14:09:05,589 [ERROR] ConditionMgr:805 - Attr not supported : Dmpu
2025-01-22 14:09:05,589 [ERROR] ConditionMgr:805 - Attr not supported : Dmpu
2025-01-22 14:09:05,589 [ERROR] ConditionMgr:805 - Attr not supported : Dmpu
2025-01-22 14:09:05,589 [ERROR] ConditionMgr:805 - Attr not supported : Dmpu
2025-01-22 14:09:05,589 [ERROR] ConditionMgr:805 - Attr not supported : Dmpu
2025-01-22 14:09:05,590 [ERROR] ConditionMgr:805 - Attr not supported : Dmpu
2025-01-22 14:09:05,590 [ERROR] ConditionMgr:805 - Attr not supported : Dmpu
2025-01-22 14:09:05,590 [ERROR] ConditionMgr:805 - Attr not supported : Dmpu
2025-01-22 14:09:05,590 [ERROR] ConditionMgr:805 - Attr not supported : Dmpu
2025-01-22 14:09:05,590 [ERROR] ConditionMgr:805 - Attr not supported : Dmpu
2025-01-22 14:09:05,590 [ERROR] ConditionMgr:805 - Attr not supported : Dmpu
2025-01-22 14:09:05,590 [ERROR] ConditionMgr:805 - Attr not supported : Dmpu
2025-01-22 14:09:05,590 [ERROR] ConditionMgr:805 - Attr not supported : Dmpu
2025-01-22 14:09:05,590 [ERROR] ConditionMgr:805 - Attr not supported : Dmpu
2025-01-22 14:09:05,590 [ERROR] ConditionMgr:805 - Attr not supported : Dmpu
2025-01-22 14:09:05,590 [ERROR] ConditionMgr:805 - Attr not supported : Dmpu
2025-01-22 14:09:05,590 [ERROR] ConditionMgr:805 - Attr not supported : Dmpu
2025-01-22 14:09:05,590 [ERROR] ConditionMgr:805 - Attr not supported : Dmpu
2025-01-22 14:09:05,590 [ERROR] ConditionMgr:805 - Attr not supported : Dmpu
2025-01-22 14:09:05,590 [ERROR] ConditionMgr:805 - Attr not supported : Dmpu
2025-01-22 14:09:05,592 [ERROR] ConditionMgr:805 - Attr not supported : Dmpu
2025-01-22 14:09:05,592 [ERROR] ConditionMgr:805 - Attr not supported : Dmpu
2025-01-22 14:09:05,592 [ERROR] ConditionMgr:805 - Attr not supported : Dmpu
2025-01-22 14:09:05,592 [ERROR] ConditionMgr:805 - Attr not supported : Dmpu
2025-01-22 14:09:05,592 [ERROR] ConditionMgr:805 - Attr not supported : Dmpu
2025-01-22 14:09:05,592 [ERROR] ConditionMgr:805 - Attr not supported : Dmpu
2025-01-22 14:09:05,592 [ERROR] ConditionMgr:805 - Attr not supported : Dmpu
2025-01-22 14:09:05,592 [ERROR] ConditionMgr:805 - Attr not supported : Dmpu
2025-01-22 14:09:05,592 [ERROR] ConditionMgr:805 - Attr not supported : Dmpu
2025-01-22 14:09:05,592 [ERROR] ConditionMgr:805 - Attr not supported : Dmpu
2025-01-22 14:09:05,592 [ERROR] ConditionMgr:805 - Attr not supported : Dmpu
2025-01-22 14:09:05,593 [ERROR] ConditionMgr:805 - Attr not supported : Dmpu
2025-01-22 14:09:05,593 [ERROR] ConditionMgr:805 - Attr not supported : Dmpu
2025-01-22 14:09:05,593 [ERROR] ConditionMgr:805 - Attr not supported : Dmpu
2025-01-22 14:09:05,593 [ERROR] ConditionMgr:805 - Attr not supported : Dmpu
2025-01-22 14:09:05,593 [ERROR] ConditionMgr:805 - Attr not supported : Dmpu
2025-01-22 14:09:05,593 [ERROR] ConditionMgr:805 - Attr not supported : Dmpu
2025-01-22 14:09:05,593 [ERROR] ConditionMgr:805 - Attr not supported : Dmpu
2025-01-22 14:09:05,593 [ERROR] ConditionMgr:805 - Attr not supported : Dmpu
2025-01-22 14:09:05,593 [ERROR] ConditionMgr:805 - Attr not supported : Dmpu
2025-01-22 14:09:05,593 [ERROR] ConditionMgr:805 - Attr not supported : Dmpu
2025-01-22 14:09:05,593 [ERROR] ConditionMgr:805 - Attr not supported : Dmpu
2025-01-22 14:09:05,593 [ERROR] ConditionMgr:805 - Attr not supported : Dmpu
2025-01-22 14:09:05,593 [ERROR] ConditionMgr:805 - Attr not supported : Dmpu
2025-01-22 14:09:05,594 [ERROR] ConditionMgr:805 - Attr not supported : Dmpu
2025-01-22 14:09:05,594 [ERROR] ConditionMgr:805 - Attr not supported : Dmpu
2025-01-22 14:09:05,594 [ERROR] ConditionMgr:805 - Attr not supported : Dmpu
2025-01-22 14:09:05,594 [ERROR] ConditionMgr:805 - Attr not supported : Dmpu
2025-01-22 14:09:05,594 [ERROR] ConditionMgr:805 - Attr not supported : Dmpu
2025-01-22 14:09:05,613 [ERROR] Engine:466 - C:\Users\PEKER\.stm32cubemx\thirdparties\pdsc\STMicroelectronics.X-CUBE-TCPP.4.2.0.pdsc: PDSC version is not supported
2025-01-22 14:09:05,634 [WARN] PackLoader:240 - Cannot read IP mode file for RealThread.X-CUBE-RT-Thread_Nano.4.1.1
2025-01-22 14:09:05,654 [WARN] PackLoader:240 - Cannot read IP mode file for STMicroelectronics.FP-ATR-SIGFOX1.3.2.0
2025-01-22 14:09:05,670 [WARN] PackLoader:240 - Cannot read IP mode file for wolfSSL.I-CUBE-wolfSSL.5.7.2
2025-01-22 14:09:05,685 [WARN] ConditionMgr:438 - getConditionDescription Invalid condition id : Cortex-A Device cause : null
2025-01-22 14:09:05,716 [WARN] ConditionMgr:1039 - genDependencies : Invalid condition id : Cortex-A Device cause : null
2025-01-22 14:09:05,716 [WARN] ConditionMgr:1039 - genDependencies : Invalid condition id : Cortex-A Device cause : null
2025-01-22 14:09:05,717 [WARN] ConditionMgr:1039 - genDependencies : Invalid condition id : Cortex-A Device cause : null
2025-01-22 14:09:05,735 [WARN] PackLoader:240 - Cannot read IP mode file for STMicroelectronics.X-CUBE-EEPRMA1.5.1.0
2025-01-22 14:09:05,756 [WARN] PackLoader:240 - Cannot read IP mode file for ITTIA_DB.I-CUBE-ITTIADB.8.9.0
2025-01-22 14:09:05,808 [WARN] PackLoader:240 - Cannot read IP mode file for SEGGER.I-CUBE-embOS.1.3.1
2025-01-22 14:09:05,880 [WARN] PackLoader:240 - Cannot read IP mode file for STMicroelectronics.X-CUBE-ALGOBUILD.1.4.0
2025-01-22 14:09:05,898 [WARN] PackLoader:240 - Cannot read IP mode file for STMicroelectronics.X-CUBE-AI.9.1.0
2025-01-22 14:09:05,935 [WARN] PackLoader:240 - Cannot read IP mode file for STMicroelectronics.X-CUBE-AZRTOS-F4.1.1.0
2025-01-22 14:09:05,956 [WARN] PackLoader:240 - Cannot read IP mode file for STMicroelectronics.X-CUBE-ISPU.2.1.0
2025-01-22 14:09:05,972 [WARN] PackLoader:240 - Cannot read IP mode file for STMicroelectronics.X-CUBE-FREERTOS.1.2.0
2025-01-22 14:09:06,021 [WARN] PackLoader:240 - Cannot read IP mode file for STMicroelectronics.X-CUBE-AZRTOS-L5.2.0.0
2025-01-22 14:09:06,057 [WARN] PackLoader:240 - Cannot read IP mode file for STMicroelectronics.X-CUBE-NFC6.3.1.0
2025-01-22 14:09:06,078 [WARN] PackLoader:240 - Cannot read IP mode file for STMicroelectronics.X-CUBE-DPower.1.2.0
2025-01-22 14:09:06,095 [WARN] PackLoader:240 - Cannot read IP mode file for STMicroelectronics.X-CUBE-AI.9.0.0
2025-01-22 14:09:06,111 [WARN] PackLoader:240 - Cannot read IP mode file for STMicroelectronics.X-CUBE-FREERTOS.1.3.0
2025-01-22 14:09:06,129 [WARN] PackLoader:240 - Cannot read IP mode file for STMicroelectronics.X-CUBE-NFC7.1.0.1
2025-01-22 14:09:06,179 [WARN] ConditionMgr:438 - getConditionDescription Invalid condition id : LAN8742 Phy interface Condition cause : null
2025-01-22 14:09:06,180 [WARN] PackLoader:240 - Cannot read IP mode file for STMicroelectronics.X-CUBE-AZRTOS-L4.2.0.0
2025-01-22 14:09:06,181 [WARN] ConditionMgr:1039 - genDependencies : Invalid condition id : LAN8742 Phy interface Condition cause : null
2025-01-22 14:09:06,181 [WARN] ConditionMgr:1039 - genDependencies : Invalid condition id : LAN8742 Phy interface Condition cause : null
2025-01-22 14:09:06,182 [WARN] ConditionMgr:1039 - genDependencies : Invalid condition id : LAN8742 Phy interface Condition cause : null
2025-01-22 14:09:06,202 [WARN] PackLoader:240 - Cannot read IP mode file for STMicroelectronics.X-CUBE-SFXS2LP1.4.0.0
2025-01-22 14:09:06,249 [WARN] PackLoader:240 - Cannot read IP mode file for STMicroelectronics.X-CUBE-AZRTOS-H7.3.3.0
2025-01-22 14:09:06,280 [WARN] PackLoader:240 - Cannot read IP mode file for STMicroelectronics.X-CUBE-IPS.3.0.0
2025-01-22 14:09:06,324 [WARN] ConditionMgr:438 - getConditionDescription Invalid condition id : UX DEVICE CLASS RTOS Condition cause : null
2025-01-22 14:09:06,324 [WARN] ConditionMgr:438 - getConditionDescription Invalid condition id : UX DEVICE CLASS RTOS Condition cause : null
2025-01-22 14:09:06,326 [WARN] PackLoader:240 - Cannot read IP mode file for STMicroelectronics.X-CUBE-AZRTOS-WB.2.0.0
2025-01-22 14:09:06,326 [WARN] ConditionMgr:1039 - genDependencies : Invalid condition id : UX DEVICE CLASS RTOS Condition cause : null
2025-01-22 14:09:06,326 [WARN] ConditionMgr:1039 - genDependencies : Invalid condition id : UX DEVICE CLASS RTOS Condition cause : null
2025-01-22 14:09:06,326 [WARN] ConditionMgr:1039 - genDependencies : Invalid condition id : UX DEVICE CLASS RTOS Condition cause : null
2025-01-22 14:09:06,326 [WARN] ConditionMgr:1039 - genDependencies : Invalid condition id : UX DEVICE CLASS RTOS Condition cause : null
2025-01-22 14:09:06,326 [WARN] ConditionMgr:1039 - genDependencies : Invalid condition id : UX DEVICE CLASS RTOS Condition cause : null
2025-01-22 14:09:06,347 [WARN] PackLoader:240 - Cannot read IP mode file for STMicroelectronics.X-CUBE-GNSS1.7.0.0
2025-01-22 14:09:06,370 [WARN] PackLoader:240 - Cannot read IP mode file for STMicroelectronics.X-CUBE-GNSS1.7.0.1
2025-01-22 14:09:06,390 [WARN] PackLoader:240 - Cannot read IP mode file for STMicroelectronics.FP-SNS-STBOX1.2.0.0
2025-01-22 14:09:06,427 [WARN] PackLoader:240 - Cannot read IP mode file for STMicroelectronics.X-CUBE-SUBG2.5.0.0
2025-01-22 14:09:06,453 [WARN] PackLoader:240 - Cannot read IP mode file for Cesanta.I-CUBE-Mongoose.7.13.0
2025-01-22 14:09:06,498 [WARN] PackLoader:240 - Cannot read IP mode file for STMicroelectronics.X-CUBE-AZRTOS-G4.2.0.0
2025-01-22 14:09:06,521 [WARN] PackLoader:240 - Cannot read IP mode file for STMicroelectronics.X-CUBE-ISPU.2.0.0
2025-01-22 14:09:06,560 [ERROR] Engine:466 - C:\Users\PEKER\.stm32cubemx\thirdparties\pdsc\STMicroelectronics.X-CUBE-IPS.3.1.0.pdsc: PDSC version is not supported
2025-01-22 14:09:06,579 [WARN] PackLoader:240 - Cannot read IP mode file for STMicroelectronics.X-CUBE-ALS.1.0.2
2025-01-22 14:09:06,601 [WARN] PackLoader:240 - Cannot read IP mode file for STMicroelectronics.X-CUBE-TOUCHGFX.4.24.0
2025-01-22 14:09:06,616 [WARN] PackLoader:240 - Cannot read IP mode file for STMicroelectronics.X-CUBE-TOUCHGFX.4.24.2
2025-01-22 14:09:06,632 [WARN] PackLoader:240 - Cannot read IP mode file for STMicroelectronics.X-CUBE-TOUCHGFX.4.24.1
2025-01-22 14:09:06,651 [WARN] PackLoader:240 - Cannot read IP mode file for wolfSSL.I-CUBE-wolfTPM.3.4.0
2025-01-22 14:09:06,669 [WARN] PackLoader:240 - Cannot read IP mode file for portGmbH.I-Cube-SoM-uGOAL.1.1.0
2025-01-22 14:09:06,710 [WARN] PackLoader:240 - Cannot read IP mode file for STMicroelectronics.X-CUBE-AZRTOS-H7RS.1.0.0
2025-01-22 14:09:06,728 [WARN] PackLoader:240 - Cannot read IP mode file for STMicroelectronics.FP-ATR-ASTRA1.2.0.0
2025-01-22 14:09:06,757 [WARN] PackLoader:240 - Cannot read IP mode file for STMicroelectronics.X-CUBE-TOF1.3.4.2
2025-01-22 14:09:06,811 [WARN] PackLoader:240 - Cannot read IP mode file for Infineon.AIROC-Wi-Fi-Bluetooth-STM32.1.6.1
2025-01-22 14:09:06,831 [WARN] PackLoader:240 - Cannot read IP mode file for wolfSSL.I-CUBE-wolfSSH.1.4.17
2025-01-22 14:09:06,831 [INFO] ThirdParty:978 - Integrity check success = true
2025-01-22 14:09:06,831 [INFO] IntegrityCheckThread:100 - exiting critical section [integrity check]
2025-01-22 14:09:06,831 [INFO] IntegrityCheckThread:103 - End integrity checks thread
2025-01-22 14:09:12,360 [INFO] WebApp:167 - Instantiating new browser for Auth
2025-01-22 14:09:14,952 [INFO] WebApp:448 - Apply proxy settings
2025-01-22 14:09:14,953 [INFO] WebApp:533 - Chromium requires no authentication
2025-01-22 14:09:15,002 [INFO] WebApp:476 - Direct internet connection detected
2025-01-22 14:09:15,117 [INFO] WebApp:869 - Register for checkConnection events
2025-01-22 14:09:15,117 [INFO] WebApp:448 - Apply proxy settings
2025-01-22 14:09:15,118 [INFO] WebApp:533 - Chromium requires no authentication
2025-01-22 14:09:15,119 [INFO] WebApp:476 - Direct internet connection detected
2025-01-22 14:09:15,589 [INFO] WebApp:220 - Starting web application
2025-01-22 14:09:15,589 [INFO] WebApp:578 - Web application path used C:\ST\STM32CubeIDE_1.16.0\STM32CubeIDE\plugins\com.st.stm32cube.common.mx_6.12.0.202406281431\db\plugins\mcufinder\reactClient1\index.html
2025-01-22 14:09:15,940 [INFO] UserAuth:417 - Internet connection configuration mode: 1
2025-01-22 14:09:15,982 [INFO] WebApp:186 - Connection restablished
2025-01-22 15:05:39,907 [INFO] WebApp:189 - Connection lost
2025-01-22 15:05:40,055 [INFO] WebApp:186 - Connection restablished
2025-01-22 15:05:54,690 [INFO] WebApp:388 - JxBrowser engine has been closed 
2025-01-22 15:05:58,641 [ERROR] LogOutputStream:75 - [STDERR_REDIRECT] 
2025-01-22 15:05:58,642 [ERROR] LogOutputStream:75 - [STDERR_REDIRECT] 
